Using pre-set license
Built from '2020.3/staging' branch; Version is '2020.3.28f1 (f5400f52e03f) revision 16072719'; Using compiler version '192528614'; Build Type 'Release'
OS: 'Windows 10  (10.0.19044) 64bit Professional' Language: 'ko' Physical Memory: 16318 MB
BatchMode: 1, IsHumanControllingUs: 0, StartBugReporterOnCrash: 0, Is64bit: 1, IsPro: 0

COMMAND LINE ARGUMENTS:
C:\Program Files\Unity\Hub\Editor\2020.3.28f1\Editor\Unity.exe
-adb2
-batchMode
-noUpm
-name
AssetImportWorker0
-projectPath
D:/Unity/GitHub/UniRun/UniRun
-logFile
Logs/AssetImportWorker0.log
-srvPort
58130
Successfully changed project path to: D:/Unity/GitHub/UniRun/UniRun
D:/Unity/GitHub/UniRun/UniRun
Using Asset Import Pipeline V2.
Refreshing native plugins compatible for Editor in 39.38 ms, found 3 plugins.
Preloading 0 native plugins for Editor in 0.00 ms.
Initialize engine version: 2020.3.28f1 (f5400f52e03f)
[Subsystems] Discovering subsystems at path C:/Program Files/Unity/Hub/Editor/2020.3.28f1/Editor/Data/Resources/UnitySubsystems
[Subsystems] Discovering subsystems at path D:/Unity/GitHub/UniRun/UniRun/Assets
GfxDevice: creating device client; threaded=0
Direct3D:
    Version:  Direct3D 11.0 [level 11.1]
    Renderer: NVIDIA GeForce GTX 1060 6GB (ID=0x1c03)
    Vendor:   
    VRAM:     6052 MB
    Driver:   27.21.14.5751
Initialize mono
Mono path[0] = 'C:/Program Files/Unity/Hub/Editor/2020.3.28f1/Editor/Data/Managed'
Mono path[1] = 'C:/Program Files/Unity/Hub/Editor/2020.3.28f1/Editor/Data/MonoBleedingEdge/lib/mono/unityjit'
Mono config path = 'C:/Program Files/Unity/Hub/Editor/2020.3.28f1/Editor/Data/MonoBleedingEdge/etc'
Using monoOptions --debugger-agent=transport=dt_socket,embedding=1,server=y,suspend=n,address=127.0.0.1:56008
Begin MonoManager ReloadAssembly
Registering precompiled unity dll's ...
Register platform support module: C:/Program Files/Unity/Hub/Editor/2020.3.28f1/Editor/Data/PlaybackEngines/WindowsStandaloneSupport/UnityEditor.WindowsStandalone.Extensions.dll
Registered in 0.001368 seconds.
Native extension for WindowsStandalone target not found
Refreshing native plugins compatible for Editor in 35.77 ms, found 3 plugins.
Preloading 0 native plugins for Editor in 0.00 ms.
Mono: successfully reloaded assembly
- Completed reload, in  0.470 seconds
Domain Reload Profiling:
	ReloadAssembly (470ms)
		BeginReloadAssembly (51ms)
			ExecutionOrderSort (0ms)
			DisableScriptedObjects (0ms)
			BackupInstance (0ms)
			ReleaseScriptingObjects (0ms)
			CreateAndSetChildDomain (1ms)
		EndReloadAssembly (362ms)
			LoadAssemblies (50ms)
			RebuildTransferFunctionScriptingTraits (0ms)
			SetupTypeCache (118ms)
			ReleaseScriptCaches (0ms)
			RebuildScriptCaches (24ms)
			SetupLoadedEditorAssemblies (135ms)
				LogAssemblyErrors (0ms)
				InitializePlatformSupportModulesInManaged (3ms)
				SetLoadedEditorAssemblies (0ms)
				RefreshPlugins (36ms)
				BeforeProcessingInitializeOnLoad (13ms)
				ProcessInitializeOnLoadAttributes (61ms)
				ProcessInitializeOnLoadMethodAttributes (21ms)
				AfterProcessingInitializeOnLoad (0ms)
				EditorAssembliesLoaded (0ms)
			ExecutionOrderSort2 (0ms)
			AwakeInstancesAfterBackupRestoration (0ms)
Platform modules already initialized, skipping
Registering precompiled user dll's ...
Registered in 0.002816 seconds.
Begin MonoManager ReloadAssembly
Symbol file data-00000164F3E2A010 doesn't match image D:\Unity\GitHub\UniRun\UniRun\Library\ScriptAssemblies\Unity.2D.Animation.Editor.dll
Symbol file LoadedFromMemory is not a mono symbol file
Symbol file data-000001632435C080 doesn't match image D:\Unity\GitHub\UniRun\UniRun\Library\ScriptAssemblies\Unity.InternalAPIEngineBridge.001.dll
Symbol file LoadedFromMemory is not a mono symbol file
Symbol file data-00000164F3F36020 doesn't match image D:\Unity\GitHub\UniRun\UniRun\Library\ScriptAssemblies\Unity.VSCode.Editor.dll
Symbol file LoadedFromMemory is not a mono symbol file
Symbol file data-00000164EF481C90 doesn't match image D:\Unity\GitHub\UniRun\UniRun\Library\ScriptAssemblies\Unity.2D.PixelPerfect.dll
Symbol file LoadedFromMemory is not a mono symbol file
Symbol file data-00000164F3E4EC20 doesn't match image D:\Unity\GitHub\UniRun\UniRun\Library\ScriptAssemblies\Unity.2D.Tilemap.Editor.dll
Symbol file LoadedFromMemory is not a mono symbol file
Symbol file data-00000164F3E4EC20 doesn't match image D:\Unity\GitHub\UniRun\UniRun\Library\ScriptAssemblies\PsdPlugin.dll
Symbol file LoadedFromMemory is not a mono symbol file
Symbol file data-00000164F3E4EC20 doesn't match image D:\Unity\GitHub\UniRun\UniRun\Library\ScriptAssemblies\Unity.TextMeshPro.Editor.dll
Symbol file LoadedFromMemory is not a mono symbol file
Symbol file data-00000164F3C969C0 doesn't match image D:\Unity\GitHub\UniRun\UniRun\Library\ScriptAssemblies\Unity.VisualStudio.Editor.dll
Symbol file LoadedFromMemory is not a mono symbol file
Symbol file data-00000164F3F09220 doesn't match image D:\Unity\GitHub\UniRun\UniRun\Library\ScriptAssemblies\UnityEngine.TestRunner.dll
Symbol file LoadedFromMemory is not a mono symbol file
Symbol file data-00000164F3E4EC20 doesn't match image D:\Unity\GitHub\UniRun\UniRun\Library\ScriptAssemblies\Unity.Timeline.dll
Symbol file LoadedFromMemory is not a mono symbol file
Symbol file data-00000164EFDBC730 doesn't match image D:\Unity\GitHub\UniRun\UniRun\Library\ScriptAssemblies\Unity.TextMeshPro.dll
Symbol file LoadedFromMemory is not a mono symbol file
Symbol file data-00000164F3E4EC20 doesn't match image D:\Unity\GitHub\UniRun\UniRun\Library\ScriptAssemblies\UnityEditor.TestRunner.dll
Symbol file LoadedFromMemory is not a mono symbol file
Symbol file data-00000164F3F36020 doesn't match image D:\Unity\GitHub\UniRun\UniRun\Library\ScriptAssemblies\Unity.2D.IK.Editor.dll
Symbol file LoadedFromMemory is not a mono symbol file
Symbol file data-00000164F3E4EC20 doesn't match image D:\Unity\GitHub\UniRun\UniRun\Library\ScriptAssemblies\Unity.2D.Sprite.Editor.dll
Symbol file LoadedFromMemory is not a mono symbol file
Symbol file data-00000164F3C969C0 doesn't match image D:\Unity\GitHub\UniRun\UniRun\Library\ScriptAssemblies\Unity.2D.Psdimporter.Editor.dll
Symbol file LoadedFromMemory is not a mono symbol file
Symbol file data-00000164F3F09220 doesn't match image D:\Unity\GitHub\UniRun\UniRun\Library\ScriptAssemblies\Unity.2D.Path.Editor.dll
Symbol file LoadedFromMemory is not a mono symbol file
Symbol file data-00000164EF9E1640 doesn't match image D:\Unity\GitHub\UniRun\UniRun\Library\ScriptAssemblies\Unity.InternalAPIEditorBridge.001.dll
Symbol file LoadedFromMemory is not a mono symbol file
Symbol file data-00000164F3C969C0 doesn't match image D:\Unity\GitHub\UniRun\UniRun\Library\ScriptAssemblies\UnityEditor.UI.dll
Symbol file LoadedFromMemory is not a mono symbol file
Symbol file data-00000164F40A0020 doesn't match image D:\Unity\GitHub\UniRun\UniRun\Library\ScriptAssemblies\Unity.PlasticSCM.Editor.dll
Symbol file LoadedFromMemory is not a mono symbol file
Symbol file data-00000164F3BAD690 doesn't match image D:\Unity\GitHub\UniRun\UniRun\Library\ScriptAssemblies\Unity.Rider.Editor.dll
Symbol file LoadedFromMemory is not a mono symbol file
Symbol file data-00000164F39CCA30 doesn't match image D:\Unity\GitHub\UniRun\UniRun\Library\ScriptAssemblies\UnityEngine.UI.dll
Symbol file LoadedFromMemory is not a mono symbol file
Symbol file data-00000164F4240010 doesn't match image D:\Unity\GitHub\UniRun\UniRun\Library\ScriptAssemblies\Unity.Mathematics.dll
Symbol file LoadedFromMemory is not a mono symbol file
Symbol file data-00000164F3F36020 doesn't match image D:\Unity\GitHub\UniRun\UniRun\Library\ScriptAssemblies\Unity.2D.IK.Runtime.dll
Symbol file LoadedFromMemory is not a mono symbol file
Symbol file data-00000164F3C969C0 doesn't match image D:\Unity\GitHub\UniRun\UniRun\Library\ScriptAssemblies\Unity.Services.Core.Editor.dll
Symbol file LoadedFromMemory is not a mono symbol file
Symbol file data-00000164F3835030 doesn't match image D:\Unity\GitHub\UniRun\UniRun\Library\ScriptAssemblies\Unity.2D.Animation.Triangle.Runtime.dll
Symbol file LoadedFromMemory is not a mono symbol file
Symbol file data-00000164EFACCE20 doesn't match image D:\Unity\GitHub\UniRun\UniRun\Library\ScriptAssemblies\Unity.2D.Animation.Runtime.dll
Symbol file LoadedFromMemory is not a mono symbol file
Symbol file data-00000164EFEBE700 doesn't match image D:\Unity\GitHub\UniRun\UniRun\Library\ScriptAssemblies\Unity.2D.PixelPerfect.Editor.dll
Symbol file LoadedFromMemory is not a mono symbol file
Symbol file data-00000164F3835030 doesn't match image D:\Unity\GitHub\UniRun\UniRun\Library\ScriptAssemblies\Unity.Timeline.Editor.dll
Symbol file LoadedFromMemory is not a mono symbol file
Symbol file data-00000164F36C0E20 doesn't match image D:\Unity\GitHub\UniRun\UniRun\Library\ScriptAssemblies\Unity.CollabProxy.Editor.dll
Symbol file LoadedFromMemory is not a mono symbol file
Symbol file data-00000164F4636170 doesn't match image D:\Unity\GitHub\UniRun\UniRun\Library\ScriptAssemblies\Unity.Mathematics.Editor.dll
Symbol file LoadedFromMemory is not a mono symbol file
Symbol file data-00000164F39FC190 doesn't match image D:\Unity\GitHub\UniRun\UniRun\Library\ScriptAssemblies\Unity.2D.Common.Runtime.dll
Symbol file LoadedFromMemory is not a mono symbol file
Symbol file data-00000164F4622020 doesn't match image D:\Unity\GitHub\UniRun\UniRun\Library\ScriptAssemblies\Unity.2D.SpriteShape.Editor.dll
Symbol file LoadedFromMemory is not a mono symbol file
Symbol file data-00000164F4640CE0 doesn't match image D:\Unity\GitHub\UniRun\UniRun\Library\ScriptAssemblies\Unity.2D.Common.Editor.dll
Symbol file LoadedFromMemory is not a mono symbol file
Symbol file data-00000164F3978A30 doesn't match image D:\Unity\GitHub\UniRun\UniRun\Library\ScriptAssemblies\Unity.2D.SpriteShape.Runtime.dll
Symbol file LoadedFromMemory is not a mono symbol file
Native extension for WindowsStandalone target not found
Refreshing native plugins compatible for Editor in 35.35 ms, found 3 plugins.
Preloading 0 native plugins for Editor in 0.00 ms.
Mono: successfully reloaded assembly
- Completed reload, in  0.910 seconds
Domain Reload Profiling:
	ReloadAssembly (911ms)
		BeginReloadAssembly (123ms)
			ExecutionOrderSort (0ms)
			DisableScriptedObjects (4ms)
			BackupInstance (0ms)
			ReleaseScriptingObjects (0ms)
			CreateAndSetChildDomain (17ms)
		EndReloadAssembly (741ms)
			LoadAssemblies (78ms)
			RebuildTransferFunctionScriptingTraits (0ms)
			SetupTypeCache (242ms)
			ReleaseScriptCaches (0ms)
			RebuildScriptCaches (38ms)
			SetupLoadedEditorAssemblies (293ms)
				LogAssemblyErrors (0ms)
				InitializePlatformSupportModulesInManaged (2ms)
				SetLoadedEditorAssemblies (0ms)
				RefreshPlugins (35ms)
				BeforeProcessingInitializeOnLoad (68ms)
				ProcessInitializeOnLoadAttributes (167ms)
				ProcessInitializeOnLoadMethodAttributes (15ms)
				AfterProcessingInitializeOnLoad (5ms)
				EditorAssembliesLoaded (0ms)
			ExecutionOrderSort2 (0ms)
			AwakeInstancesAfterBackupRestoration (5ms)
Platform modules already initialized, skipping
========================================================================
Worker process is ready to serve import requests
Launched and connected shader compiler UnityShaderCompiler.exe after 0.06 seconds
Refreshing native plugins compatible for Editor in 0.42 ms, found 3 plugins.
Preloading 0 native plugins for Editor in 0.00 ms.
Unloading 2203 Unused Serialized files (Serialized files now loaded: 0)
System memory in use before: 99.1 MB.
System memory in use after: 99.0 MB.

Unloading 34 unused Assets to reduce memory usage. Loaded Objects now: 2632.
Total: 2.528200 ms (FindLiveObjects: 0.148100 ms CreateObjectMapping: 0.078000 ms MarkObjects: 2.186000 ms  DeleteObjects: 0.115300 ms)

AssetImportParameters requested are different than current active one (requested -> active):
  custom:framework-win-MediaFoundation: 216162199b28c13a410421893ffa2e32 -> 
  custom:video-decoder-ogg-theora: a1e56fd34408186e4bbccfd4996cb3dc -> 
  custom:container-muxer-webm: aa71ff27fc2769a1b78a27578f13a17b -> 
  custom:container-demuxer-webm: 4f35f7cbe854078d1ac9338744f61a02 -> 
  custom:container-demuxer-ogg: 62fdf1f143b41e24485cea50d1cbac27 -> 
  custom:video-encoder-webm-vp8: eb34c28f22e8b96e1ab97ce403110664 -> 
  custom:video-decoder-webm-vp8: 9c59270c3fd7afecdb556c50c9e8de78 -> 
  custom:audio-decoder-ogg-vorbis: bf7c407c2cedff20999df2af8eb42d56 -> 
  custom:audio-encoder-webm-vorbis: bf7c407c2cedff20999df2af8eb42d56 -> 
========================================================================
Received Import Request.
  path: Assets/03.Sprites/Platform.png
  artifactKey: Guid(5741b32a258714aeb878182f438cb29f) Importer(815301076,1909f56bfc062723c751e8b465ee728b)
Start importing Assets/03.Sprites/Platform.png using Guid(5741b32a258714aeb878182f438cb29f) Importer(815301076,1909f56bfc062723c751e8b465ee728b)  -> (artifact id: '2786c4feebfd17bec7fd48fe026456d6') in 0.109307 seconds 
  Import took 0.112077 seconds .

========================================================================
Received Import Request.
  Time since last request: 0.000259 seconds.
  path: Assets/03.Sprites/License/UCL2.0/License Logo/Others/png/Light_Silhouette.png
  artifactKey: Guid(39df89ef20c6e0e44ba0a62e1d2907ff) Importer(815301076,1909f56bfc062723c751e8b465ee728b)
Start importing Assets/03.Sprites/License/UCL2.0/License Logo/Others/png/Light_Silhouette.png using Guid(39df89ef20c6e0e44ba0a62e1d2907ff) Importer(815301076,1909f56bfc062723c751e8b465ee728b)  -> (artifact id: '7abf926f28aebea56a9399e756fd84fb') in 0.011667 seconds 
  Import took 0.014796 seconds .

========================================================================
Received Import Request.
  Time since last request: 0.000196 seconds.
  path: Assets/03.Sprites/Toko_Run.png
  artifactKey: Guid(d7159a67a357942ef8404ce06e20db64) Importer(815301076,1909f56bfc062723c751e8b465ee728b)
Start importing Assets/03.Sprites/Toko_Run.png using Guid(d7159a67a357942ef8404ce06e20db64) Importer(815301076,1909f56bfc062723c751e8b465ee728b)  -> (artifact id: 'a738ecadbad3b13371329fddade90cf1') in 0.025189 seconds 
  Import took 0.028456 seconds .

========================================================================
Received Import Request.
  Time since last request: 0.000280 seconds.
  path: Assets/03.Sprites/License/UCL2.0/License Logo/LUUL_LOGO_rules02.psd
  artifactKey: Guid(aabe51c2db53ece469da0204d0d39227) Importer(815301076,1909f56bfc062723c751e8b465ee728b)
Start importing Assets/03.Sprites/License/UCL2.0/License Logo/LUUL_LOGO_rules02.psd using Guid(aabe51c2db53ece469da0204d0d39227) Importer(815301076,1909f56bfc062723c751e8b465ee728b)  -> (artifact id: 'f704d390c3ced1ac014605ce636cf7ec') in 0.027729 seconds 
  Import took 0.030533 seconds .

========================================================================
Received Import Request.
  Time since last request: 0.000228 seconds.
  path: Assets/03.Sprites/License/UCL2.0/License Logo/Others/jpg/Light_Silhouette.jpg
  artifactKey: Guid(d2d2219bc6ba91a4b8b764640fd57217) Importer(815301076,1909f56bfc062723c751e8b465ee728b)
Start importing Assets/03.Sprites/License/UCL2.0/License Logo/Others/jpg/Light_Silhouette.jpg using Guid(d2d2219bc6ba91a4b8b764640fd57217) Importer(815301076,1909f56bfc062723c751e8b465ee728b)  -> (artifact id: 'ec10eae6811332e8d06ebf75fc595506') in 0.008845 seconds 
  Import took 0.011607 seconds .

========================================================================
Received Import Request.
  Time since last request: 0.000332 seconds.
  path: Assets/03.Sprites/Obstacle.png
  artifactKey: Guid(13782714fc1b64ce3b94b158effe6bda) Importer(815301076,1909f56bfc062723c751e8b465ee728b)
Start importing Assets/03.Sprites/Obstacle.png using Guid(13782714fc1b64ce3b94b158effe6bda) Importer(815301076,1909f56bfc062723c751e8b465ee728b)  -> (artifact id: '263b728de94292791797232759efece3') in 0.011167 seconds 
  Import took 0.014190 seconds .

========================================================================
Received Import Request.
  Time since last request: 0.000237 seconds.
  path: Assets/03.Sprites/License/UCL2.0/License Logo/Others/png/Light_Frame.png
  artifactKey: Guid(adabb852a437cc34688da5cf6579d2c0) Importer(815301076,1909f56bfc062723c751e8b465ee728b)
Start importing Assets/03.Sprites/License/UCL2.0/License Logo/Others/png/Light_Frame.png using Guid(adabb852a437cc34688da5cf6579d2c0) Importer(815301076,1909f56bfc062723c751e8b465ee728b)  -> (artifact id: '16d8f8b453d330d6ca5199413a8c93eb') in 0.008142 seconds 
  Import took 0.011065 seconds .

========================================================================
Received Import Request.
  Time since last request: 0.000222 seconds.
  path: Assets/03.Sprites/Platform_Long.png
  artifactKey: Guid(60b5cbf910608489ea5d7bbe0acbf14a) Importer(815301076,1909f56bfc062723c751e8b465ee728b)
Start importing Assets/03.Sprites/Platform_Long.png using Guid(60b5cbf910608489ea5d7bbe0acbf14a) Importer(815301076,1909f56bfc062723c751e8b465ee728b)  -> (artifact id: '9af66e6419d845675a9b37b253688d2b') in 0.010848 seconds 
  Import took 0.013619 seconds .

========================================================================
Received Import Request.
  Time since last request: 0.000243 seconds.
  path: Assets/03.Sprites/Toko_Jump.png
  artifactKey: Guid(f716f7502ddb743ef982e4d223876d5c) Importer(815301076,1909f56bfc062723c751e8b465ee728b)
Start importing Assets/03.Sprites/Toko_Jump.png using Guid(f716f7502ddb743ef982e4d223876d5c) Importer(815301076,1909f56bfc062723c751e8b465ee728b)  -> (artifact id: '44d5205aeb61b63e2490564d44558699') in 0.017806 seconds 
  Import took 0.020786 seconds .

========================================================================
Received Import Request.
  Time since last request: 0.000217 seconds.
  path: Assets/03.Sprites/License/UCL2.0/License Logo/Others/png/Dark_Silhouette.png
  artifactKey: Guid(5355a7436e76d494da0eaa594b4b0767) Importer(815301076,1909f56bfc062723c751e8b465ee728b)
Start importing Assets/03.Sprites/License/UCL2.0/License Logo/Others/png/Dark_Silhouette.png using Guid(5355a7436e76d494da0eaa594b4b0767) Importer(815301076,1909f56bfc062723c751e8b465ee728b)  -> (artifact id: '47b4560fc58fd73801b23dea220b9782') in 0.007267 seconds 
  Import took 0.010059 seconds .

========================================================================
Received Import Request.
  Time since last request: 0.000226 seconds.
  path: Assets/03.Sprites/Sky.png
  artifactKey: Guid(24770088dedc9e84b97afaa1c612d506) Importer(815301076,1909f56bfc062723c751e8b465ee728b)
Start importing Assets/03.Sprites/Sky.png using Guid(24770088dedc9e84b97afaa1c612d506) Importer(815301076,1909f56bfc062723c751e8b465ee728b)  -> (artifact id: '70b7856c10d49c2e43215891b1bd5f78') in 0.037023 seconds 
  Import took 0.039875 seconds .

========================================================================
Received Import Request.
  Time since last request: 0.000183 seconds.
  path: Assets/03.Sprites/Toko_Die.png
  artifactKey: Guid(5b9cf154823f6440b9c40d54c5d1bdad) Importer(815301076,1909f56bfc062723c751e8b465ee728b)
Start importing Assets/03.Sprites/Toko_Die.png using Guid(5b9cf154823f6440b9c40d54c5d1bdad) Importer(815301076,1909f56bfc062723c751e8b465ee728b)  -> (artifact id: '003817f6ce7d403ca245e736f2b05671') in 0.020554 seconds 
  Import took 0.023248 seconds .

========================================================================
Received Import Request.
  Time since last request: 0.000174 seconds.
  path: Assets/03.Sprites/License/UCL2.0/License Logo/Others/jpg/Dark_Silhouette.jpg
  artifactKey: Guid(c263030345e92564980167a4644817d7) Importer(815301076,1909f56bfc062723c751e8b465ee728b)
Start importing Assets/03.Sprites/License/UCL2.0/License Logo/Others/jpg/Dark_Silhouette.jpg using Guid(c263030345e92564980167a4644817d7) Importer(815301076,1909f56bfc062723c751e8b465ee728b)  -> (artifact id: 'ace6993dcd78379600f12b1e2fb2d705') in 0.007855 seconds 
  Import took 0.010523 seconds .

========================================================================
Received Import Request.
  Time since last request: 0.000226 seconds.
  path: Assets/03.Sprites/GameOver.png
  artifactKey: Guid(6ff5df2745b98834295c9b8630024fff) Importer(815301076,1909f56bfc062723c751e8b465ee728b)
Start importing Assets/03.Sprites/GameOver.png using Guid(6ff5df2745b98834295c9b8630024fff) Importer(815301076,1909f56bfc062723c751e8b465ee728b)  -> (artifact id: '6627afba7035dcaba156c6272298c441') in 0.010767 seconds 
  Import took 0.013684 seconds .

========================================================================
Received Prepare
Refreshing native plugins compatible for Editor in 2.72 ms, found 3 plugins.
Preloading 0 native plugins for Editor in 0.00 ms.
Unloading 21 Unused Serialized files (Serialized files now loaded: 0)
System memory in use before: 59.3 MB.
System memory in use after: 59.2 MB.

Unloading 21 unused Assets to reduce memory usage. Loaded Objects now: 2649.
Total: 3.564100 ms (FindLiveObjects: 0.168700 ms CreateObjectMapping: 0.079900 ms MarkObjects: 3.184900 ms  DeleteObjects: 0.129700 ms)

AssetImportParameters requested are different than current active one (requested -> active):
  custom:framework-win-MediaFoundation: 216162199b28c13a410421893ffa2e32 -> 
  custom:video-decoder-ogg-theora: a1e56fd34408186e4bbccfd4996cb3dc -> 
  custom:container-muxer-webm: aa71ff27fc2769a1b78a27578f13a17b -> 
  custom:container-demuxer-webm: 4f35f7cbe854078d1ac9338744f61a02 -> 
  custom:container-demuxer-ogg: 62fdf1f143b41e24485cea50d1cbac27 -> 
  custom:video-encoder-webm-vp8: eb34c28f22e8b96e1ab97ce403110664 -> 
  custom:video-decoder-webm-vp8: 9c59270c3fd7afecdb556c50c9e8de78 -> 
  custom:audio-decoder-ogg-vorbis: bf7c407c2cedff20999df2af8eb42d56 -> 
  custom:audio-encoder-webm-vorbis: bf7c407c2cedff20999df2af8eb42d56 -> 
========================================================================
Received Import Request.
  Time since last request: 2128.887324 seconds.
  path: Assets/04.Prefabs/Platform.prefab
  artifactKey: Guid(980dcbc8eaed08e44b11e86f6630940e) Importer(815301076,1909f56bfc062723c751e8b465ee728b)
Start importing Assets/04.Prefabs/Platform.prefab using Guid(980dcbc8eaed08e44b11e86f6630940e) Importer(815301076,1909f56bfc062723c751e8b465ee728b)  -> (artifact id: 'ac55f146770b5bb1d04863539a7117ae') in 0.029989 seconds 
  Import took 0.033848 seconds .

========================================================================
Received Prepare
Registering precompiled user dll's ...
Registered in 0.002720 seconds.
Begin MonoManager ReloadAssembly
Symbol file data-00000164F4F99010 doesn't match image D:\Unity\GitHub\UniRun\UniRun\Library\ScriptAssemblies\Unity.2D.Animation.Editor.dll
Symbol file LoadedFromMemory is not a mono symbol file
Symbol file data-000001632435C420 doesn't match image D:\Unity\GitHub\UniRun\UniRun\Library\ScriptAssemblies\Unity.InternalAPIEngineBridge.001.dll
Symbol file LoadedFromMemory is not a mono symbol file
Symbol file data-00000164EFC199B0 doesn't match image D:\Unity\GitHub\UniRun\UniRun\Library\ScriptAssemblies\Unity.VSCode.Editor.dll
Symbol file LoadedFromMemory is not a mono symbol file
Symbol file data-00000164EF968840 doesn't match image D:\Unity\GitHub\UniRun\UniRun\Library\ScriptAssemblies\Unity.2D.PixelPerfect.dll
Symbol file LoadedFromMemory is not a mono symbol file
Symbol file data-00000164F4961020 doesn't match image D:\Unity\GitHub\UniRun\UniRun\Library\ScriptAssemblies\Unity.2D.Tilemap.Editor.dll
Symbol file LoadedFromMemory is not a mono symbol file
Symbol file data-00000164F7CDDA40 doesn't match image D:\Unity\GitHub\UniRun\UniRun\Library\ScriptAssemblies\PsdPlugin.dll
Symbol file LoadedFromMemory is not a mono symbol file
Symbol file data-00000164F36EF050 doesn't match image D:\Unity\GitHub\UniRun\UniRun\Library\ScriptAssemblies\Unity.TextMeshPro.Editor.dll
Symbol file LoadedFromMemory is not a mono symbol file
Symbol file data-00000164F3C969C0 doesn't match image D:\Unity\GitHub\UniRun\UniRun\Library\ScriptAssemblies\Unity.VisualStudio.Editor.dll
Symbol file LoadedFromMemory is not a mono symbol file
Symbol file data-00000164F869F100 doesn't match image D:\Unity\GitHub\UniRun\UniRun\Library\ScriptAssemblies\UnityEngine.TestRunner.dll
Symbol file LoadedFromMemory is not a mono symbol file
Symbol file data-00000164F4961020 doesn't match image D:\Unity\GitHub\UniRun\UniRun\Library\ScriptAssemblies\Unity.Timeline.dll
Symbol file LoadedFromMemory is not a mono symbol file
Symbol file data-00000164F4602010 doesn't match image D:\Unity\GitHub\UniRun\UniRun\Library\ScriptAssemblies\Unity.TextMeshPro.dll
Symbol file LoadedFromMemory is not a mono symbol file
Symbol file data-00000164F5509020 doesn't match image D:\Unity\GitHub\UniRun\UniRun\Library\ScriptAssemblies\UnityEditor.TestRunner.dll
Symbol file LoadedFromMemory is not a mono symbol file
Symbol file data-00000164EFC199B0 doesn't match image D:\Unity\GitHub\UniRun\UniRun\Library\ScriptAssemblies\Unity.2D.IK.Editor.dll
Symbol file LoadedFromMemory is not a mono symbol file
Symbol file data-00000164F4961020 doesn't match image D:\Unity\GitHub\UniRun\UniRun\Library\ScriptAssemblies\Unity.2D.Sprite.Editor.dll
Symbol file LoadedFromMemory is not a mono symbol file
Symbol file data-00000164F3C969C0 doesn't match image D:\Unity\GitHub\UniRun\UniRun\Library\ScriptAssemblies\Unity.2D.Psdimporter.Editor.dll
Symbol file LoadedFromMemory is not a mono symbol file
Symbol file data-0000016518E11090 doesn't match image D:\Unity\GitHub\UniRun\UniRun\Library\ScriptAssemblies\Unity.2D.Path.Editor.dll
Symbol file LoadedFromMemory is not a mono symbol file
Symbol file data-00000164EFC433B0 doesn't match image D:\Unity\GitHub\UniRun\UniRun\Library\ScriptAssemblies\Unity.InternalAPIEditorBridge.001.dll
Symbol file LoadedFromMemory is not a mono symbol file
Symbol file data-00000164F3C969C0 doesn't match image D:\Unity\GitHub\UniRun\UniRun\Library\ScriptAssemblies\UnityEditor.UI.dll
Symbol file LoadedFromMemory is not a mono symbol file
Symbol file data-0000016518DBF7C0 doesn't match image D:\Unity\GitHub\UniRun\UniRun\Library\ScriptAssemblies\Unity.PlasticSCM.Editor.dll
Symbol file LoadedFromMemory is not a mono symbol file
Symbol file data-00000164F5034010 doesn't match image D:\Unity\GitHub\UniRun\UniRun\Library\ScriptAssemblies\Unity.Rider.Editor.dll
Symbol file LoadedFromMemory is not a mono symbol file
Symbol file data-00000164F4FADA20 doesn't match image D:\Unity\GitHub\UniRun\UniRun\Library\ScriptAssemblies\UnityEngine.UI.dll
Symbol file LoadedFromMemory is not a mono symbol file
Symbol file data-00000164F34826F0 doesn't match image D:\Unity\GitHub\UniRun\UniRun\Library\ScriptAssemblies\Unity.Mathematics.dll
Symbol file LoadedFromMemory is not a mono symbol file
Symbol file data-00000164F87C1100 doesn't match image D:\Unity\GitHub\UniRun\UniRun\Library\ScriptAssemblies\Unity.2D.IK.Runtime.dll
Symbol file LoadedFromMemory is not a mono symbol file
Symbol file data-00000164F5034010 doesn't match image D:\Unity\GitHub\UniRun\UniRun\Library\ScriptAssemblies\Unity.Services.Core.Editor.dll
Symbol file LoadedFromMemory is not a mono symbol file
Symbol file data-00000164F4FADA20 doesn't match image D:\Unity\GitHub\UniRun\UniRun\Library\ScriptAssemblies\Unity.2D.Animation.Triangle.Runtime.dll
Symbol file LoadedFromMemory is not a mono symbol file
Symbol file data-00000164F3753020 doesn't match image D:\Unity\GitHub\UniRun\UniRun\Library\ScriptAssemblies\Unity.2D.Animation.Runtime.dll
Symbol file LoadedFromMemory is not a mono symbol file
Symbol file data-00000164EFEBE700 doesn't match image D:\Unity\GitHub\UniRun\UniRun\Library\ScriptAssemblies\Unity.2D.PixelPerfect.Editor.dll
Symbol file LoadedFromMemory is not a mono symbol file
Symbol file data-00000164F6E6A410 doesn't match image D:\Unity\GitHub\UniRun\UniRun\Library\ScriptAssemblies\Unity.Timeline.Editor.dll
Symbol file LoadedFromMemory is not a mono symbol file
Symbol file data-00000164F869F100 doesn't match image D:\Unity\GitHub\UniRun\UniRun\Library\ScriptAssemblies\Unity.CollabProxy.Editor.dll
Symbol file LoadedFromMemory is not a mono symbol file
Symbol file data-00000164F87460F0 doesn't match image D:\Unity\GitHub\UniRun\UniRun\Library\ScriptAssemblies\Unity.Mathematics.Editor.dll
Symbol file LoadedFromMemory is not a mono symbol file
Symbol file data-00000164F7D368E0 doesn't match image D:\Unity\GitHub\UniRun\UniRun\Library\ScriptAssemblies\Unity.2D.Common.Runtime.dll
Symbol file LoadedFromMemory is not a mono symbol file
Symbol file data-00000164F6F2D030 doesn't match image D:\Unity\GitHub\UniRun\UniRun\Library\ScriptAssemblies\Unity.2D.SpriteShape.Editor.dll
Symbol file LoadedFromMemory is not a mono symbol file
Symbol file data-00000164EFC199B0 doesn't match image D:\Unity\GitHub\UniRun\UniRun\Library\ScriptAssemblies\Unity.2D.Common.Editor.dll
Symbol file LoadedFromMemory is not a mono symbol file
Symbol file data-00000164F3E52620 doesn't match image D:\Unity\GitHub\UniRun\UniRun\Library\ScriptAssemblies\Unity.2D.SpriteShape.Runtime.dll
Symbol file LoadedFromMemory is not a mono symbol file
Native extension for WindowsStandalone target not found
Refreshing native plugins compatible for Editor in 0.42 ms, found 3 plugins.
Preloading 0 native plugins for Editor in 0.00 ms.
Mono: successfully reloaded assembly
- Completed reload, in  0.838 seconds
Domain Reload Profiling:
	ReloadAssembly (838ms)
		BeginReloadAssembly (99ms)
			ExecutionOrderSort (0ms)
			DisableScriptedObjects (5ms)
			BackupInstance (0ms)
			ReleaseScriptingObjects (0ms)
			CreateAndSetChildDomain (29ms)
		EndReloadAssembly (690ms)
			LoadAssemblies (78ms)
			RebuildTransferFunctionScriptingTraits (0ms)
			SetupTypeCache (243ms)
			ReleaseScriptCaches (1ms)
			RebuildScriptCaches (34ms)
			SetupLoadedEditorAssemblies (241ms)
				LogAssemblyErrors (0ms)
				InitializePlatformSupportModulesInManaged (3ms)
				SetLoadedEditorAssemblies (0ms)
				RefreshPlugins (0ms)
				BeforeProcessingInitializeOnLoad (67ms)
				ProcessInitializeOnLoadAttributes (155ms)
				ProcessInitializeOnLoadMethodAttributes (9ms)
				AfterProcessingInitializeOnLoad (5ms)
				EditorAssembliesLoaded (0ms)
			ExecutionOrderSort2 (0ms)
			AwakeInstancesAfterBackupRestoration (7ms)
Platform modules already initialized, skipping
Switching build target platform(19) subTarget(0) extendedPlatform(0) -> platform(13) subTarget(537395200) extendedPlatform(0)
Refreshing native plugins compatible for Editor in 0.44 ms, found 3 plugins.
Preloading 0 native plugins for Editor in 0.00 ms.
Unloading 2201 Unused Serialized files (Serialized files now loaded: 0)
System memory in use before: 102.1 MB.
System memory in use after: 102.0 MB.

Unloading 23 unused Assets to reduce memory usage. Loaded Objects now: 2654.
Total: 2.789900 ms (FindLiveObjects: 0.154300 ms CreateObjectMapping: 0.082900 ms MarkObjects: 2.452600 ms  DeleteObjects: 0.099100 ms)

AssetImportParameters requested are different than current active one (requested -> active):
  custom:framework-win-MediaFoundation: 216162199b28c13a410421893ffa2e32 -> 
  custom:video-decoder-ogg-theora: a1e56fd34408186e4bbccfd4996cb3dc -> 
  custom:container-muxer-webm: aa71ff27fc2769a1b78a27578f13a17b -> 
  custom:container-demuxer-webm: 4f35f7cbe854078d1ac9338744f61a02 -> 
  custom:container-demuxer-ogg: 62fdf1f143b41e24485cea50d1cbac27 -> 
  custom:video-encoder-webm-vp8: eb34c28f22e8b96e1ab97ce403110664 -> 
  custom:video-decoder-webm-vp8: 9c59270c3fd7afecdb556c50c9e8de78 -> 
  custom:graphics/normal-map-encoding: 01000000000000000000000000000000 -> 02000000000000000000000000000000
  custom:audio-decoder-ogg-vorbis: bf7c407c2cedff20999df2af8eb42d56 -> 
  custom:audio-encoder-webm-vorbis: bf7c407c2cedff20999df2af8eb42d56 -> 
========================================================================
Received Prepare
Registering precompiled user dll's ...
Registered in 0.003014 seconds.
Begin MonoManager ReloadAssembly
Symbol file data-00000164F8769090 doesn't match image D:\Unity\GitHub\UniRun\UniRun\Library\ScriptAssemblies\Unity.2D.Animation.Editor.dll
Symbol file LoadedFromMemory is not a mono symbol file
Symbol file data-000001632435CB60 doesn't match image D:\Unity\GitHub\UniRun\UniRun\Library\ScriptAssemblies\Unity.InternalAPIEngineBridge.001.dll
Symbol file LoadedFromMemory is not a mono symbol file
Symbol file data-00000164F4EDB830 doesn't match image D:\Unity\GitHub\UniRun\UniRun\Library\ScriptAssemblies\Unity.VSCode.Editor.dll
Symbol file LoadedFromMemory is not a mono symbol file
Symbol file data-00000164F50D9390 doesn't match image D:\Unity\GitHub\UniRun\UniRun\Library\ScriptAssemblies\Unity.2D.PixelPerfect.dll
Symbol file LoadedFromMemory is not a mono symbol file
Symbol file data-00000164F4961020 doesn't match image D:\Unity\GitHub\UniRun\UniRun\Library\ScriptAssemblies\Unity.2D.Tilemap.Editor.dll
Symbol file LoadedFromMemory is not a mono symbol file
Symbol file data-00000164EF879010 doesn't match image D:\Unity\GitHub\UniRun\UniRun\Library\ScriptAssemblies\PsdPlugin.dll
Symbol file LoadedFromMemory is not a mono symbol file
Symbol file data-00000164F6A88020 doesn't match image D:\Unity\GitHub\UniRun\UniRun\Library\ScriptAssemblies\Unity.TextMeshPro.Editor.dll
Symbol file LoadedFromMemory is not a mono symbol file
Symbol file data-00000164F3C969C0 doesn't match image D:\Unity\GitHub\UniRun\UniRun\Library\ScriptAssemblies\Unity.VisualStudio.Editor.dll
Symbol file LoadedFromMemory is not a mono symbol file
Symbol file data-00000164EFC09B60 doesn't match image D:\Unity\GitHub\UniRun\UniRun\Library\ScriptAssemblies\UnityEngine.TestRunner.dll
Symbol file LoadedFromMemory is not a mono symbol file
Symbol file data-00000164F4961020 doesn't match image D:\Unity\GitHub\UniRun\UniRun\Library\ScriptAssemblies\Unity.Timeline.dll
Symbol file LoadedFromMemory is not a mono symbol file
Symbol file data-00000164F4602010 doesn't match image D:\Unity\GitHub\UniRun\UniRun\Library\ScriptAssemblies\Unity.TextMeshPro.dll
Symbol file LoadedFromMemory is not a mono symbol file
Symbol file data-00000164F52FD040 doesn't match image D:\Unity\GitHub\UniRun\UniRun\Library\ScriptAssemblies\UnityEditor.TestRunner.dll
Symbol file LoadedFromMemory is not a mono symbol file
Symbol file data-00000164F4EDB830 doesn't match image D:\Unity\GitHub\UniRun\UniRun\Library\ScriptAssemblies\Unity.2D.IK.Editor.dll
Symbol file LoadedFromMemory is not a mono symbol file
Symbol file data-00000164F4961020 doesn't match image D:\Unity\GitHub\UniRun\UniRun\Library\ScriptAssemblies\Unity.2D.Sprite.Editor.dll
Symbol file LoadedFromMemory is not a mono symbol file
Symbol file data-00000164F3C969C0 doesn't match image D:\Unity\GitHub\UniRun\UniRun\Library\ScriptAssemblies\Unity.2D.Psdimporter.Editor.dll
Symbol file LoadedFromMemory is not a mono symbol file
Symbol file data-00000164F874F040 doesn't match image D:\Unity\GitHub\UniRun\UniRun\Library\ScriptAssemblies\Unity.2D.Path.Editor.dll
Symbol file LoadedFromMemory is not a mono symbol file
Symbol file data-00000164F4FC9C40 doesn't match image D:\Unity\GitHub\UniRun\UniRun\Library\ScriptAssemblies\Unity.InternalAPIEditorBridge.001.dll
Symbol file LoadedFromMemory is not a mono symbol file
Symbol file data-00000164F3C969C0 doesn't match image D:\Unity\GitHub\UniRun\UniRun\Library\ScriptAssemblies\UnityEditor.UI.dll
Symbol file LoadedFromMemory is not a mono symbol file
Symbol file data-00000164F7412020 doesn't match image D:\Unity\GitHub\UniRun\UniRun\Library\ScriptAssemblies\Unity.PlasticSCM.Editor.dll
Symbol file LoadedFromMemory is not a mono symbol file
Symbol file data-00000164EF8917F0 doesn't match image D:\Unity\GitHub\UniRun\UniRun\Library\ScriptAssemblies\Unity.Rider.Editor.dll
Symbol file LoadedFromMemory is not a mono symbol file
Symbol file data-00000164EFC45350 doesn't match image D:\Unity\GitHub\UniRun\UniRun\Library\ScriptAssemblies\UnityEngine.UI.dll
Symbol file LoadedFromMemory is not a mono symbol file
Symbol file data-00000164F687C010 doesn't match image D:\Unity\GitHub\UniRun\UniRun\Library\ScriptAssemblies\Unity.Mathematics.dll
Symbol file LoadedFromMemory is not a mono symbol file
Symbol file data-00000164F4EDB830 doesn't match image D:\Unity\GitHub\UniRun\UniRun\Library\ScriptAssemblies\Unity.2D.IK.Runtime.dll
Symbol file LoadedFromMemory is not a mono symbol file
Symbol file data-00000164F7FCFEA0 doesn't match image D:\Unity\GitHub\UniRun\UniRun\Library\ScriptAssemblies\Unity.Services.Core.Editor.dll
Symbol file LoadedFromMemory is not a mono symbol file
Symbol file data-00000164EFC45350 doesn't match image D:\Unity\GitHub\UniRun\UniRun\Library\ScriptAssemblies\Unity.2D.Animation.Triangle.Runtime.dll
Symbol file LoadedFromMemory is not a mono symbol file
Symbol file data-00000164F3753020 doesn't match image D:\Unity\GitHub\UniRun\UniRun\Library\ScriptAssemblies\Unity.2D.Animation.Runtime.dll
Symbol file LoadedFromMemory is not a mono symbol file
Symbol file data-00000164F774CB90 doesn't match image D:\Unity\GitHub\UniRun\UniRun\Library\ScriptAssemblies\Unity.2D.PixelPerfect.Editor.dll
Symbol file LoadedFromMemory is not a mono symbol file
Symbol file data-00000164F3908410 doesn't match image D:\Unity\GitHub\UniRun\UniRun\Library\ScriptAssemblies\Unity.Timeline.Editor.dll
Symbol file LoadedFromMemory is not a mono symbol file
Symbol file data-00000164EFC09B60 doesn't match image D:\Unity\GitHub\UniRun\UniRun\Library\ScriptAssemblies\Unity.CollabProxy.Editor.dll
Symbol file LoadedFromMemory is not a mono symbol file
Symbol file data-00000164F8741AA0 doesn't match image D:\Unity\GitHub\UniRun\UniRun\Library\ScriptAssemblies\Unity.Mathematics.Editor.dll
Symbol file LoadedFromMemory is not a mono symbol file
Symbol file data-00000164F7D36070 doesn't match image D:\Unity\GitHub\UniRun\UniRun\Library\ScriptAssemblies\Unity.2D.Common.Runtime.dll
Symbol file LoadedFromMemory is not a mono symbol file
Symbol file data-00000164EF682220 doesn't match image D:\Unity\GitHub\UniRun\UniRun\Library\ScriptAssemblies\Unity.2D.SpriteShape.Editor.dll
Symbol file LoadedFromMemory is not a mono symbol file
Symbol file data-00000164F3550630 doesn't match image D:\Unity\GitHub\UniRun\UniRun\Library\ScriptAssemblies\Unity.2D.Common.Editor.dll
Symbol file LoadedFromMemory is not a mono symbol file
Symbol file data-00000164EF69E620 doesn't match image D:\Unity\GitHub\UniRun\UniRun\Library\ScriptAssemblies\Unity.2D.SpriteShape.Runtime.dll
Symbol file LoadedFromMemory is not a mono symbol file
Native extension for WindowsStandalone target not found
Refreshing native plugins compatible for Editor in 0.53 ms, found 3 plugins.
Preloading 0 native plugins for Editor in 0.00 ms.
Mono: successfully reloaded assembly
- Completed reload, in  0.841 seconds
Domain Reload Profiling:
	ReloadAssembly (841ms)
		BeginReloadAssembly (98ms)
			ExecutionOrderSort (0ms)
			DisableScriptedObjects (5ms)
			BackupInstance (0ms)
			ReleaseScriptingObjects (0ms)
			CreateAndSetChildDomain (29ms)
		EndReloadAssembly (694ms)
			LoadAssemblies (80ms)
			RebuildTransferFunctionScriptingTraits (0ms)
			SetupTypeCache (240ms)
			ReleaseScriptCaches (1ms)
			RebuildScriptCaches (33ms)
			SetupLoadedEditorAssemblies (253ms)
				LogAssemblyErrors (0ms)
				InitializePlatformSupportModulesInManaged (4ms)
				SetLoadedEditorAssemblies (1ms)
				RefreshPlugins (1ms)
				BeforeProcessingInitializeOnLoad (74ms)
				ProcessInitializeOnLoadAttributes (159ms)
				ProcessInitializeOnLoadMethodAttributes (9ms)
				AfterProcessingInitializeOnLoad (6ms)
				EditorAssembliesLoaded (0ms)
			ExecutionOrderSort2 (0ms)
			AwakeInstancesAfterBackupRestoration (7ms)
Platform modules already initialized, skipping
Switching build target platform(19) subTarget(0) extendedPlatform(0) -> platform(13) subTarget(537395200) extendedPlatform(0)
Refreshing native plugins compatible for Editor in 0.42 ms, found 3 plugins.
Preloading 0 native plugins for Editor in 0.00 ms.
Unloading 2201 Unused Serialized files (Serialized files now loaded: 0)
System memory in use before: 102.1 MB.
System memory in use after: 102.0 MB.

Unloading 23 unused Assets to reduce memory usage. Loaded Objects now: 2656.
Total: 2.693400 ms (FindLiveObjects: 0.149900 ms CreateObjectMapping: 0.074000 ms MarkObjects: 2.366700 ms  DeleteObjects: 0.102200 ms)

AssetImportParameters requested are different than current active one (requested -> active):
  custom:framework-win-MediaFoundation: 216162199b28c13a410421893ffa2e32 -> 
  custom:video-decoder-ogg-theora: a1e56fd34408186e4bbccfd4996cb3dc -> 
  custom:container-muxer-webm: aa71ff27fc2769a1b78a27578f13a17b -> 
  custom:container-demuxer-webm: 4f35f7cbe854078d1ac9338744f61a02 -> 
  custom:container-demuxer-ogg: 62fdf1f143b41e24485cea50d1cbac27 -> 
  custom:video-encoder-webm-vp8: eb34c28f22e8b96e1ab97ce403110664 -> 
  custom:video-decoder-webm-vp8: 9c59270c3fd7afecdb556c50c9e8de78 -> 
  custom:graphics/normal-map-encoding: 01000000000000000000000000000000 -> 02000000000000000000000000000000
  custom:audio-decoder-ogg-vorbis: bf7c407c2cedff20999df2af8eb42d56 -> 
  custom:audio-encoder-webm-vorbis: bf7c407c2cedff20999df2af8eb42d56 -> 
========================================================================
Received Import Request.
  Time since last request: 49.471036 seconds.
  path: Assets/02.Scripts/Platform.cs
  artifactKey: Guid(4d142b9ef25543c48a190eca2f1ae67e) Importer(815301076,1909f56bfc062723c751e8b465ee728b)
Start importing Assets/02.Scripts/Platform.cs using Guid(4d142b9ef25543c48a190eca2f1ae67e) Importer(815301076,1909f56bfc062723c751e8b465ee728b)  -> (artifact id: '9e065baba4eaa112eed766cbea987fa2') in 0.037401 seconds 
  Import took 0.040234 seconds .

========================================================================
Received Prepare
Registering precompiled user dll's ...
Registered in 0.003062 seconds.
Begin MonoManager ReloadAssembly
Symbol file data-00000164F3908410 doesn't match image D:\Unity\GitHub\UniRun\UniRun\Library\ScriptAssemblies\Unity.2D.Animation.Editor.dll
Symbol file LoadedFromMemory is not a mono symbol file
Symbol file data-000001632435C420 doesn't match image D:\Unity\GitHub\UniRun\UniRun\Library\ScriptAssemblies\Unity.InternalAPIEngineBridge.001.dll
Symbol file LoadedFromMemory is not a mono symbol file
Symbol file data-00000164F4EDB830 doesn't match image D:\Unity\GitHub\UniRun\UniRun\Library\ScriptAssemblies\Unity.VSCode.Editor.dll
Symbol file LoadedFromMemory is not a mono symbol file
Symbol file data-00000164EF895B80 doesn't match image D:\Unity\GitHub\UniRun\UniRun\Library\ScriptAssemblies\Unity.2D.PixelPerfect.dll
Symbol file LoadedFromMemory is not a mono symbol file
Symbol file data-00000164F4D4E2D0 doesn't match image D:\Unity\GitHub\UniRun\UniRun\Library\ScriptAssemblies\Unity.2D.Tilemap.Editor.dll
Symbol file LoadedFromMemory is not a mono symbol file
Symbol file data-00000164EF879010 doesn't match image D:\Unity\GitHub\UniRun\UniRun\Library\ScriptAssemblies\PsdPlugin.dll
Symbol file LoadedFromMemory is not a mono symbol file
Symbol file data-00000164F49E0850 doesn't match image D:\Unity\GitHub\UniRun\UniRun\Library\ScriptAssemblies\Unity.TextMeshPro.Editor.dll
Symbol file LoadedFromMemory is not a mono symbol file
Symbol file data-00000164F3C969C0 doesn't match image D:\Unity\GitHub\UniRun\UniRun\Library\ScriptAssemblies\Unity.VisualStudio.Editor.dll
Symbol file LoadedFromMemory is not a mono symbol file
Symbol file data-00000164EF5E5010 doesn't match image D:\Unity\GitHub\UniRun\UniRun\Library\ScriptAssemblies\UnityEngine.TestRunner.dll
Symbol file LoadedFromMemory is not a mono symbol file
Symbol file data-00000164F4D4E2D0 doesn't match image D:\Unity\GitHub\UniRun\UniRun\Library\ScriptAssemblies\Unity.Timeline.dll
Symbol file LoadedFromMemory is not a mono symbol file
Symbol file data-00000164F4602010 doesn't match image D:\Unity\GitHub\UniRun\UniRun\Library\ScriptAssemblies\Unity.TextMeshPro.dll
Symbol file LoadedFromMemory is not a mono symbol file
Symbol file data-00000164F52FD040 doesn't match image D:\Unity\GitHub\UniRun\UniRun\Library\ScriptAssemblies\UnityEditor.TestRunner.dll
Symbol file LoadedFromMemory is not a mono symbol file
Symbol file data-00000164F4EDB830 doesn't match image D:\Unity\GitHub\UniRun\UniRun\Library\ScriptAssemblies\Unity.2D.IK.Editor.dll
Symbol file LoadedFromMemory is not a mono symbol file
Symbol file data-00000164F4D4E2D0 doesn't match image D:\Unity\GitHub\UniRun\UniRun\Library\ScriptAssemblies\Unity.2D.Sprite.Editor.dll
Symbol file LoadedFromMemory is not a mono symbol file
Symbol file data-00000164F3C969C0 doesn't match image D:\Unity\GitHub\UniRun\UniRun\Library\ScriptAssemblies\Unity.2D.Psdimporter.Editor.dll
Symbol file LoadedFromMemory is not a mono symbol file
Symbol file data-00000164EF879010 doesn't match image D:\Unity\GitHub\UniRun\UniRun\Library\ScriptAssemblies\Unity.2D.Path.Editor.dll
Symbol file LoadedFromMemory is not a mono symbol file
Symbol file data-00000164F4FC9C40 doesn't match image D:\Unity\GitHub\UniRun\UniRun\Library\ScriptAssemblies\Unity.InternalAPIEditorBridge.001.dll
Symbol file LoadedFromMemory is not a mono symbol file
Symbol file data-00000164F3C969C0 doesn't match image D:\Unity\GitHub\UniRun\UniRun\Library\ScriptAssemblies\UnityEditor.UI.dll
Symbol file LoadedFromMemory is not a mono symbol file
Symbol file data-0000016518F26020 doesn't match image D:\Unity\GitHub\UniRun\UniRun\Library\ScriptAssemblies\Unity.PlasticSCM.Editor.dll
Symbol file LoadedFromMemory is not a mono symbol file
Symbol file data-00000164F3871A40 doesn't match image D:\Unity\GitHub\UniRun\UniRun\Library\ScriptAssemblies\Unity.Rider.Editor.dll
Symbol file LoadedFromMemory is not a mono symbol file
Symbol file data-00000164F531F020 doesn't match image D:\Unity\GitHub\UniRun\UniRun\Library\ScriptAssemblies\UnityEngine.UI.dll
Symbol file LoadedFromMemory is not a mono symbol file
Symbol file data-00000164F687C010 doesn't match image D:\Unity\GitHub\UniRun\UniRun\Library\ScriptAssemblies\Unity.Mathematics.dll
Symbol file LoadedFromMemory is not a mono symbol file
Symbol file data-00000164EFA17D20 doesn't match image D:\Unity\GitHub\UniRun\UniRun\Library\ScriptAssemblies\Unity.2D.IK.Runtime.dll
Symbol file LoadedFromMemory is not a mono symbol file
Symbol file data-00000164F3871A40 doesn't match image D:\Unity\GitHub\UniRun\UniRun\Library\ScriptAssemblies\Unity.Services.Core.Editor.dll
Symbol file LoadedFromMemory is not a mono symbol file
Symbol file data-00000164F531F020 doesn't match image D:\Unity\GitHub\UniRun\UniRun\Library\ScriptAssemblies\Unity.2D.Animation.Triangle.Runtime.dll
Symbol file LoadedFromMemory is not a mono symbol file
Symbol file data-00000164F3753020 doesn't match image D:\Unity\GitHub\UniRun\UniRun\Library\ScriptAssemblies\Unity.2D.Animation.Runtime.dll
Symbol file LoadedFromMemory is not a mono symbol file
Symbol file data-00000164F7754160 doesn't match image D:\Unity\GitHub\UniRun\UniRun\Library\ScriptAssemblies\Unity.2D.PixelPerfect.Editor.dll
Symbol file LoadedFromMemory is not a mono symbol file
Symbol file data-00000164EF524ED0 doesn't match image D:\Unity\GitHub\UniRun\UniRun\Library\ScriptAssemblies\Unity.Timeline.Editor.dll
Symbol file LoadedFromMemory is not a mono symbol file
Symbol file data-00000164EF5E5010 doesn't match image D:\Unity\GitHub\UniRun\UniRun\Library\ScriptAssemblies\Unity.CollabProxy.Editor.dll
Symbol file LoadedFromMemory is not a mono symbol file
Symbol file data-00000164F87460F0 doesn't match image D:\Unity\GitHub\UniRun\UniRun\Library\ScriptAssemblies\Unity.Mathematics.Editor.dll
Symbol file LoadedFromMemory is not a mono symbol file
Symbol file data-00000164F7D37B70 doesn't match image D:\Unity\GitHub\UniRun\UniRun\Library\ScriptAssemblies\Unity.2D.Common.Runtime.dll
Symbol file LoadedFromMemory is not a mono symbol file
Symbol file data-00000164F874F040 doesn't match image D:\Unity\GitHub\UniRun\UniRun\Library\ScriptAssemblies\Unity.2D.SpriteShape.Editor.dll
Symbol file LoadedFromMemory is not a mono symbol file
Symbol file data-00000164F4EDB830 doesn't match image D:\Unity\GitHub\UniRun\UniRun\Library\ScriptAssemblies\Unity.2D.Common.Editor.dll
Symbol file LoadedFromMemory is not a mono symbol file
Symbol file data-00000164F49E0850 doesn't match image D:\Unity\GitHub\UniRun\UniRun\Library\ScriptAssemblies\Unity.2D.SpriteShape.Runtime.dll
Symbol file LoadedFromMemory is not a mono symbol file
Native extension for WindowsStandalone target not found
Refreshing native plugins compatible for Editor in 0.42 ms, found 3 plugins.
Preloading 0 native plugins for Editor in 0.00 ms.
Mono: successfully reloaded assembly
- Completed reload, in  0.843 seconds
Domain Reload Profiling:
	ReloadAssembly (843ms)
		BeginReloadAssembly (98ms)
			ExecutionOrderSort (0ms)
			DisableScriptedObjects (6ms)
			BackupInstance (0ms)
			ReleaseScriptingObjects (0ms)
			CreateAndSetChildDomain (28ms)
		EndReloadAssembly (696ms)
			LoadAssemblies (81ms)
			RebuildTransferFunctionScriptingTraits (0ms)
			SetupTypeCache (246ms)
			ReleaseScriptCaches (1ms)
			RebuildScriptCaches (34ms)
			SetupLoadedEditorAssemblies (242ms)
				LogAssemblyErrors (0ms)
				InitializePlatformSupportModulesInManaged (3ms)
				SetLoadedEditorAssemblies (0ms)
				RefreshPlugins (0ms)
				BeforeProcessingInitializeOnLoad (66ms)
				ProcessInitializeOnLoadAttributes (156ms)
				ProcessInitializeOnLoadMethodAttributes (9ms)
				AfterProcessingInitializeOnLoad (6ms)
				EditorAssembliesLoaded (0ms)
			ExecutionOrderSort2 (0ms)
			AwakeInstancesAfterBackupRestoration (7ms)
Platform modules already initialized, skipping
Switching build target platform(19) subTarget(0) extendedPlatform(0) -> platform(13) subTarget(537395200) extendedPlatform(0)
Refreshing native plugins compatible for Editor in 0.42 ms, found 3 plugins.
Preloading 0 native plugins for Editor in 0.00 ms.
Unloading 2201 Unused Serialized files (Serialized files now loaded: 0)
System memory in use before: 102.1 MB.
System memory in use after: 102.1 MB.

Unloading 23 unused Assets to reduce memory usage. Loaded Objects now: 2658.
Total: 2.977600 ms (FindLiveObjects: 0.149800 ms CreateObjectMapping: 0.082100 ms MarkObjects: 2.636900 ms  DeleteObjects: 0.108200 ms)

AssetImportParameters requested are different than current active one (requested -> active):
  custom:framework-win-MediaFoundation: 216162199b28c13a410421893ffa2e32 -> 
  custom:video-decoder-ogg-theora: a1e56fd34408186e4bbccfd4996cb3dc -> 
  custom:container-muxer-webm: aa71ff27fc2769a1b78a27578f13a17b -> 
  custom:container-demuxer-webm: 4f35f7cbe854078d1ac9338744f61a02 -> 
  custom:container-demuxer-ogg: 62fdf1f143b41e24485cea50d1cbac27 -> 
  custom:video-encoder-webm-vp8: eb34c28f22e8b96e1ab97ce403110664 -> 
  custom:video-decoder-webm-vp8: 9c59270c3fd7afecdb556c50c9e8de78 -> 
  custom:graphics/normal-map-encoding: 01000000000000000000000000000000 -> 02000000000000000000000000000000
  custom:audio-decoder-ogg-vorbis: bf7c407c2cedff20999df2af8eb42d56 -> 
  custom:audio-encoder-webm-vorbis: bf7c407c2cedff20999df2af8eb42d56 -> 
========================================================================
Received Prepare
Registering precompiled user dll's ...
Registered in 0.003065 seconds.
Begin MonoManager ReloadAssembly
Symbol file data-00000164F3908410 doesn't match image D:\Unity\GitHub\UniRun\UniRun\Library\ScriptAssemblies\Unity.2D.Animation.Editor.dll
Symbol file LoadedFromMemory is not a mono symbol file
Symbol file data-000001632435C080 doesn't match image D:\Unity\GitHub\UniRun\UniRun\Library\ScriptAssemblies\Unity.InternalAPIEngineBridge.001.dll
Symbol file LoadedFromMemory is not a mono symbol file
Symbol file data-00000164F4EDB830 doesn't match image D:\Unity\GitHub\UniRun\UniRun\Library\ScriptAssemblies\Unity.VSCode.Editor.dll
Symbol file LoadedFromMemory is not a mono symbol file
Symbol file data-00000164EF5EFC20 doesn't match image D:\Unity\GitHub\UniRun\UniRun\Library\ScriptAssemblies\Unity.2D.PixelPerfect.dll
Symbol file LoadedFromMemory is not a mono symbol file
Symbol file data-00000164F3F06020 doesn't match image D:\Unity\GitHub\UniRun\UniRun\Library\ScriptAssemblies\Unity.2D.Tilemap.Editor.dll
Symbol file LoadedFromMemory is not a mono symbol file
Symbol file data-00000164EF879010 doesn't match image D:\Unity\GitHub\UniRun\UniRun\Library\ScriptAssemblies\PsdPlugin.dll
Symbol file LoadedFromMemory is not a mono symbol file
Symbol file data-00000164F7B6F010 doesn't match image D:\Unity\GitHub\UniRun\UniRun\Library\ScriptAssemblies\Unity.TextMeshPro.Editor.dll
Symbol file LoadedFromMemory is not a mono symbol file
Symbol file data-00000164EF6F1220 doesn't match image D:\Unity\GitHub\UniRun\UniRun\Library\ScriptAssemblies\Unity.VisualStudio.Editor.dll
Symbol file LoadedFromMemory is not a mono symbol file
Symbol file data-00000164F399A020 doesn't match image D:\Unity\GitHub\UniRun\UniRun\Library\ScriptAssemblies\UnityEngine.TestRunner.dll
Symbol file LoadedFromMemory is not a mono symbol file
Symbol file data-00000164F3F06020 doesn't match image D:\Unity\GitHub\UniRun\UniRun\Library\ScriptAssemblies\Unity.Timeline.dll
Symbol file LoadedFromMemory is not a mono symbol file
Symbol file data-00000164F4602010 doesn't match image D:\Unity\GitHub\UniRun\UniRun\Library\ScriptAssemblies\Unity.TextMeshPro.dll
Symbol file LoadedFromMemory is not a mono symbol file
Symbol file data-0000016518DBD7B0 doesn't match image D:\Unity\GitHub\UniRun\UniRun\Library\ScriptAssemblies\UnityEditor.TestRunner.dll
Symbol file LoadedFromMemory is not a mono symbol file
Symbol file data-00000164F4EDB830 doesn't match image D:\Unity\GitHub\UniRun\UniRun\Library\ScriptAssemblies\Unity.2D.IK.Editor.dll
Symbol file LoadedFromMemory is not a mono symbol file
Symbol file data-00000164F4D4E2D0 doesn't match image D:\Unity\GitHub\UniRun\UniRun\Library\ScriptAssemblies\Unity.2D.Sprite.Editor.dll
Symbol file LoadedFromMemory is not a mono symbol file
Symbol file data-00000164EF6F1220 doesn't match image D:\Unity\GitHub\UniRun\UniRun\Library\ScriptAssemblies\Unity.2D.Psdimporter.Editor.dll
Symbol file LoadedFromMemory is not a mono symbol file
Symbol file data-00000164F37F9010 doesn't match image D:\Unity\GitHub\UniRun\UniRun\Library\ScriptAssemblies\Unity.2D.Path.Editor.dll
Symbol file LoadedFromMemory is not a mono symbol file
Symbol file data-00000164F4FC9C40 doesn't match image D:\Unity\GitHub\UniRun\UniRun\Library\ScriptAssemblies\Unity.InternalAPIEditorBridge.001.dll
Symbol file LoadedFromMemory is not a mono symbol file
Symbol file data-00000164EF6F1220 doesn't match image D:\Unity\GitHub\UniRun\UniRun\Library\ScriptAssemblies\UnityEditor.UI.dll
Symbol file LoadedFromMemory is not a mono symbol file
Symbol file data-00000164F3E2A010 doesn't match image D:\Unity\GitHub\UniRun\UniRun\Library\ScriptAssemblies\Unity.PlasticSCM.Editor.dll
Symbol file LoadedFromMemory is not a mono symbol file
Symbol file data-00000164EF681A20 doesn't match image D:\Unity\GitHub\UniRun\UniRun\Library\ScriptAssemblies\Unity.Rider.Editor.dll
Symbol file LoadedFromMemory is not a mono symbol file
Symbol file data-00000164F531F020 doesn't match image D:\Unity\GitHub\UniRun\UniRun\Library\ScriptAssemblies\UnityEngine.UI.dll
Symbol file LoadedFromMemory is not a mono symbol file
Symbol file data-00000164F687C010 doesn't match image D:\Unity\GitHub\UniRun\UniRun\Library\ScriptAssemblies\Unity.Mathematics.dll
Symbol file LoadedFromMemory is not a mono symbol file
Symbol file data-00000164F4972020 doesn't match image D:\Unity\GitHub\UniRun\UniRun\Library\ScriptAssemblies\Unity.2D.IK.Runtime.dll
Symbol file LoadedFromMemory is not a mono symbol file
Symbol file data-00000164EF681A20 doesn't match image D:\Unity\GitHub\UniRun\UniRun\Library\ScriptAssemblies\Unity.Services.Core.Editor.dll
Symbol file LoadedFromMemory is not a mono symbol file
Symbol file data-00000164F531F020 doesn't match image D:\Unity\GitHub\UniRun\UniRun\Library\ScriptAssemblies\Unity.2D.Animation.Triangle.Runtime.dll
Symbol file LoadedFromMemory is not a mono symbol file
Symbol file data-00000164EFB5F030 doesn't match image D:\Unity\GitHub\UniRun\UniRun\Library\ScriptAssemblies\Unity.2D.Animation.Runtime.dll
Symbol file LoadedFromMemory is not a mono symbol file
Symbol file data-00000164F775A510 doesn't match image D:\Unity\GitHub\UniRun\UniRun\Library\ScriptAssemblies\Unity.2D.PixelPerfect.Editor.dll
Symbol file LoadedFromMemory is not a mono symbol file
Symbol file data-00000164EFD3A030 doesn't match image D:\Unity\GitHub\UniRun\UniRun\Library\ScriptAssemblies\Unity.Timeline.Editor.dll
Symbol file LoadedFromMemory is not a mono symbol file
Symbol file data-00000164F399A020 doesn't match image D:\Unity\GitHub\UniRun\UniRun\Library\ScriptAssemblies\Unity.CollabProxy.Editor.dll
Symbol file LoadedFromMemory is not a mono symbol file
Symbol file data-00000164F87428B0 doesn't match image D:\Unity\GitHub\UniRun\UniRun\Library\ScriptAssemblies\Unity.Mathematics.Editor.dll
Symbol file LoadedFromMemory is not a mono symbol file
Symbol file data-00000164F7D368E0 doesn't match image D:\Unity\GitHub\UniRun\UniRun\Library\ScriptAssemblies\Unity.2D.Common.Runtime.dll
Symbol file LoadedFromMemory is not a mono symbol file
Symbol file data-00000164EF6F1220 doesn't match image D:\Unity\GitHub\UniRun\UniRun\Library\ScriptAssemblies\Unity.2D.SpriteShape.Editor.dll
Symbol file LoadedFromMemory is not a mono symbol file
Symbol file data-00000164F4EDB830 doesn't match image D:\Unity\GitHub\UniRun\UniRun\Library\ScriptAssemblies\Unity.2D.Common.Editor.dll
Symbol file LoadedFromMemory is not a mono symbol file
Symbol file data-00000164F3F06020 doesn't match image D:\Unity\GitHub\UniRun\UniRun\Library\ScriptAssemblies\Unity.2D.SpriteShape.Runtime.dll
Symbol file LoadedFromMemory is not a mono symbol file
Native extension for WindowsStandalone target not found
Refreshing native plugins compatible for Editor in 0.47 ms, found 3 plugins.
Preloading 0 native plugins for Editor in 0.00 ms.
Mono: successfully reloaded assembly
- Completed reload, in  0.977 seconds
Domain Reload Profiling:
	ReloadAssembly (977ms)
		BeginReloadAssembly (109ms)
			ExecutionOrderSort (0ms)
			DisableScriptedObjects (6ms)
			BackupInstance (0ms)
			ReleaseScriptingObjects (0ms)
			CreateAndSetChildDomain (32ms)
		EndReloadAssembly (811ms)
			LoadAssemblies (92ms)
			RebuildTransferFunctionScriptingTraits (0ms)
			SetupTypeCache (282ms)
			ReleaseScriptCaches (1ms)
			RebuildScriptCaches (40ms)
			SetupLoadedEditorAssemblies (280ms)
				LogAssemblyErrors (0ms)
				InitializePlatformSupportModulesInManaged (4ms)
				SetLoadedEditorAssemblies (0ms)
				RefreshPlugins (1ms)
				BeforeProcessingInitializeOnLoad (77ms)
				ProcessInitializeOnLoadAttributes (181ms)
				ProcessInitializeOnLoadMethodAttributes (11ms)
				AfterProcessingInitializeOnLoad (6ms)
				EditorAssembliesLoaded (0ms)
			ExecutionOrderSort2 (0ms)
			AwakeInstancesAfterBackupRestoration (10ms)
Platform modules already initialized, skipping
Switching build target platform(19) subTarget(0) extendedPlatform(0) -> platform(13) subTarget(537395200) extendedPlatform(0)
Refreshing native plugins compatible for Editor in 0.45 ms, found 3 plugins.
Preloading 0 native plugins for Editor in 0.00 ms.
Unloading 2201 Unused Serialized files (Serialized files now loaded: 0)
System memory in use before: 102.1 MB.
System memory in use after: 102.1 MB.

Unloading 23 unused Assets to reduce memory usage. Loaded Objects now: 2660.
Total: 2.875900 ms (FindLiveObjects: 0.173800 ms CreateObjectMapping: 0.093600 ms MarkObjects: 2.499300 ms  DeleteObjects: 0.108000 ms)

AssetImportParameters requested are different than current active one (requested -> active):
  custom:framework-win-MediaFoundation: 216162199b28c13a410421893ffa2e32 -> 
  custom:video-decoder-ogg-theora: a1e56fd34408186e4bbccfd4996cb3dc -> 
  custom:container-muxer-webm: aa71ff27fc2769a1b78a27578f13a17b -> 
  custom:container-demuxer-webm: 4f35f7cbe854078d1ac9338744f61a02 -> 
  custom:container-demuxer-ogg: 62fdf1f143b41e24485cea50d1cbac27 -> 
  custom:video-encoder-webm-vp8: eb34c28f22e8b96e1ab97ce403110664 -> 
  custom:video-decoder-webm-vp8: 9c59270c3fd7afecdb556c50c9e8de78 -> 
  custom:graphics/normal-map-encoding: 01000000000000000000000000000000 -> 02000000000000000000000000000000
  custom:audio-decoder-ogg-vorbis: bf7c407c2cedff20999df2af8eb42d56 -> 
  custom:audio-encoder-webm-vorbis: bf7c407c2cedff20999df2af8eb42d56 -> 
========================================================================
Received Prepare
Registering precompiled user dll's ...
Registered in 0.002786 seconds.
Begin MonoManager ReloadAssembly
Symbol file data-00000164F7B4D050 doesn't match image D:\Unity\GitHub\UniRun\UniRun\Library\ScriptAssemblies\Unity.2D.Animation.Editor.dll
Symbol file LoadedFromMemory is not a mono symbol file
Symbol file data-000001632435C420 doesn't match image D:\Unity\GitHub\UniRun\UniRun\Library\ScriptAssemblies\Unity.InternalAPIEngineBridge.001.dll
Symbol file LoadedFromMemory is not a mono symbol file
Symbol file data-00000164F4EDB830 doesn't match image D:\Unity\GitHub\UniRun\UniRun\Library\ScriptAssemblies\Unity.VSCode.Editor.dll
Symbol file LoadedFromMemory is not a mono symbol file
Symbol file data-00000164F6C33A60 doesn't match image D:\Unity\GitHub\UniRun\UniRun\Library\ScriptAssemblies\Unity.2D.PixelPerfect.dll
Symbol file LoadedFromMemory is not a mono symbol file
Symbol file data-00000164F4D4E2D0 doesn't match image D:\Unity\GitHub\UniRun\UniRun\Library\ScriptAssemblies\Unity.2D.Tilemap.Editor.dll
Symbol file LoadedFromMemory is not a mono symbol file
Symbol file data-00000164F79AD030 doesn't match image D:\Unity\GitHub\UniRun\UniRun\Library\ScriptAssemblies\PsdPlugin.dll
Symbol file LoadedFromMemory is not a mono symbol file
Symbol file data-00000165194AB020 doesn't match image D:\Unity\GitHub\UniRun\UniRun\Library\ScriptAssemblies\Unity.TextMeshPro.Editor.dll
Symbol file LoadedFromMemory is not a mono symbol file
Symbol file data-00000164EF6F1220 doesn't match image D:\Unity\GitHub\UniRun\UniRun\Library\ScriptAssemblies\Unity.VisualStudio.Editor.dll
Symbol file LoadedFromMemory is not a mono symbol file
Symbol file data-00000164F3E60F70 doesn't match image D:\Unity\GitHub\UniRun\UniRun\Library\ScriptAssemblies\UnityEngine.TestRunner.dll
Symbol file LoadedFromMemory is not a mono symbol file
Symbol file data-00000164F4D4E2D0 doesn't match image D:\Unity\GitHub\UniRun\UniRun\Library\ScriptAssemblies\Unity.Timeline.dll
Symbol file LoadedFromMemory is not a mono symbol file
Symbol file data-00000164F4F99010 doesn't match image D:\Unity\GitHub\UniRun\UniRun\Library\ScriptAssemblies\Unity.TextMeshPro.dll
Symbol file LoadedFromMemory is not a mono symbol file
Symbol file data-0000016518DBD7B0 doesn't match image D:\Unity\GitHub\UniRun\UniRun\Library\ScriptAssemblies\UnityEditor.TestRunner.dll
Symbol file LoadedFromMemory is not a mono symbol file
Symbol file data-00000164F4EDB830 doesn't match image D:\Unity\GitHub\UniRun\UniRun\Library\ScriptAssemblies\Unity.2D.IK.Editor.dll
Symbol file LoadedFromMemory is not a mono symbol file
Symbol file data-00000164F4D4E2D0 doesn't match image D:\Unity\GitHub\UniRun\UniRun\Library\ScriptAssemblies\Unity.2D.Sprite.Editor.dll
Symbol file LoadedFromMemory is not a mono symbol file
Symbol file data-00000164EF6F1220 doesn't match image D:\Unity\GitHub\UniRun\UniRun\Library\ScriptAssemblies\Unity.2D.Psdimporter.Editor.dll
Symbol file LoadedFromMemory is not a mono symbol file
Symbol file data-00000164F79AD030 doesn't match image D:\Unity\GitHub\UniRun\UniRun\Library\ScriptAssemblies\Unity.2D.Path.Editor.dll
Symbol file LoadedFromMemory is not a mono symbol file
Symbol file data-00000164F6C33A60 doesn't match image D:\Unity\GitHub\UniRun\UniRun\Library\ScriptAssemblies\Unity.InternalAPIEditorBridge.001.dll
Symbol file LoadedFromMemory is not a mono symbol file
Symbol file data-00000164EF6F1220 doesn't match image D:\Unity\GitHub\UniRun\UniRun\Library\ScriptAssemblies\UnityEditor.UI.dll
Symbol file LoadedFromMemory is not a mono symbol file
Symbol file data-00000164F4250020 doesn't match image D:\Unity\GitHub\UniRun\UniRun\Library\ScriptAssemblies\Unity.PlasticSCM.Editor.dll
Symbol file LoadedFromMemory is not a mono symbol file
Symbol file data-00000164F3C969C0 doesn't match image D:\Unity\GitHub\UniRun\UniRun\Library\ScriptAssemblies\Unity.Rider.Editor.dll
Symbol file LoadedFromMemory is not a mono symbol file
Symbol file data-00000164EF66D010 doesn't match image D:\Unity\GitHub\UniRun\UniRun\Library\ScriptAssemblies\UnityEngine.UI.dll
Symbol file LoadedFromMemory is not a mono symbol file
Symbol file data-00000164F687C010 doesn't match image D:\Unity\GitHub\UniRun\UniRun\Library\ScriptAssemblies\Unity.Mathematics.dll
Symbol file LoadedFromMemory is not a mono symbol file
Symbol file data-00000164F4972020 doesn't match image D:\Unity\GitHub\UniRun\UniRun\Library\ScriptAssemblies\Unity.2D.IK.Runtime.dll
Symbol file LoadedFromMemory is not a mono symbol file
Symbol file data-00000164F3C969C0 doesn't match image D:\Unity\GitHub\UniRun\UniRun\Library\ScriptAssemblies\Unity.Services.Core.Editor.dll
Symbol file LoadedFromMemory is not a mono symbol file
Symbol file data-00000164EF66D010 doesn't match image D:\Unity\GitHub\UniRun\UniRun\Library\ScriptAssemblies\Unity.2D.Animation.Triangle.Runtime.dll
Symbol file LoadedFromMemory is not a mono symbol file
Symbol file data-00000164F6992020 doesn't match image D:\Unity\GitHub\UniRun\UniRun\Library\ScriptAssemblies\Unity.2D.Animation.Runtime.dll
Symbol file LoadedFromMemory is not a mono symbol file
Symbol file data-00000164F7752F40 doesn't match image D:\Unity\GitHub\UniRun\UniRun\Library\ScriptAssemblies\Unity.2D.PixelPerfect.Editor.dll
Symbol file LoadedFromMemory is not a mono symbol file
Symbol file data-00000164F37B7F30 doesn't match image D:\Unity\GitHub\UniRun\UniRun\Library\ScriptAssemblies\Unity.Timeline.Editor.dll
Symbol file LoadedFromMemory is not a mono symbol file
Symbol file data-00000164F6BC2010 doesn't match image D:\Unity\GitHub\UniRun\UniRun\Library\ScriptAssemblies\Unity.CollabProxy.Editor.dll
Symbol file LoadedFromMemory is not a mono symbol file
Symbol file data-00000164F8741AA0 doesn't match image D:\Unity\GitHub\UniRun\UniRun\Library\ScriptAssemblies\Unity.Mathematics.Editor.dll
Symbol file LoadedFromMemory is not a mono symbol file
Symbol file data-00000164F7D36220 doesn't match image D:\Unity\GitHub\UniRun\UniRun\Library\ScriptAssemblies\Unity.2D.Common.Runtime.dll
Symbol file LoadedFromMemory is not a mono symbol file
Symbol file data-00000164EF6F1220 doesn't match image D:\Unity\GitHub\UniRun\UniRun\Library\ScriptAssemblies\Unity.2D.SpriteShape.Editor.dll
Symbol file LoadedFromMemory is not a mono symbol file
Symbol file data-00000164F4EDB830 doesn't match image D:\Unity\GitHub\UniRun\UniRun\Library\ScriptAssemblies\Unity.2D.Common.Editor.dll
Symbol file LoadedFromMemory is not a mono symbol file
Symbol file data-00000165194AB020 doesn't match image D:\Unity\GitHub\UniRun\UniRun\Library\ScriptAssemblies\Unity.2D.SpriteShape.Runtime.dll
Symbol file LoadedFromMemory is not a mono symbol file
Native extension for WindowsStandalone target not found
Refreshing native plugins compatible for Editor in 0.43 ms, found 3 plugins.
Preloading 0 native plugins for Editor in 0.00 ms.
Mono: successfully reloaded assembly
- Completed reload, in  0.833 seconds
Domain Reload Profiling:
	ReloadAssembly (833ms)
		BeginReloadAssembly (97ms)
			ExecutionOrderSort (0ms)
			DisableScriptedObjects (5ms)
			BackupInstance (0ms)
			ReleaseScriptingObjects (0ms)
			CreateAndSetChildDomain (27ms)
		EndReloadAssembly (685ms)
			LoadAssemblies (81ms)
			RebuildTransferFunctionScriptingTraits (0ms)
			SetupTypeCache (231ms)
			ReleaseScriptCaches (1ms)
			RebuildScriptCaches (34ms)
			SetupLoadedEditorAssemblies (239ms)
				LogAssemblyErrors (0ms)
				InitializePlatformSupportModulesInManaged (3ms)
				SetLoadedEditorAssemblies (0ms)
				RefreshPlugins (0ms)
				BeforeProcessingInitializeOnLoad (64ms)
				ProcessInitializeOnLoadAttributes (155ms)
				ProcessInitializeOnLoadMethodAttributes (10ms)
				AfterProcessingInitializeOnLoad (6ms)
				EditorAssembliesLoaded (0ms)
			ExecutionOrderSort2 (0ms)
			AwakeInstancesAfterBackupRestoration (7ms)
Platform modules already initialized, skipping
Switching build target platform(19) subTarget(0) extendedPlatform(0) -> platform(13) subTarget(537395200) extendedPlatform(0)
Refreshing native plugins compatible for Editor in 0.45 ms, found 3 plugins.
Preloading 0 native plugins for Editor in 0.00 ms.
Unloading 2201 Unused Serialized files (Serialized files now loaded: 0)
System memory in use before: 102.1 MB.
System memory in use after: 102.1 MB.

Unloading 23 unused Assets to reduce memory usage. Loaded Objects now: 2662.
Total: 2.719200 ms (FindLiveObjects: 0.201400 ms CreateObjectMapping: 0.083300 ms MarkObjects: 2.289000 ms  DeleteObjects: 0.144900 ms)

AssetImportParameters requested are different than current active one (requested -> active):
  custom:framework-win-MediaFoundation: 216162199b28c13a410421893ffa2e32 -> 
  custom:video-decoder-ogg-theora: a1e56fd34408186e4bbccfd4996cb3dc -> 
  custom:container-muxer-webm: aa71ff27fc2769a1b78a27578f13a17b -> 
  custom:container-demuxer-webm: 4f35f7cbe854078d1ac9338744f61a02 -> 
  custom:container-demuxer-ogg: 62fdf1f143b41e24485cea50d1cbac27 -> 
  custom:video-encoder-webm-vp8: eb34c28f22e8b96e1ab97ce403110664 -> 
  custom:video-decoder-webm-vp8: 9c59270c3fd7afecdb556c50c9e8de78 -> 
  custom:graphics/normal-map-encoding: 01000000000000000000000000000000 -> 02000000000000000000000000000000
  custom:audio-decoder-ogg-vorbis: bf7c407c2cedff20999df2af8eb42d56 -> 
  custom:audio-encoder-webm-vorbis: bf7c407c2cedff20999df2af8eb42d56 -> 
========================================================================
Received Prepare
Registering precompiled user dll's ...
Registered in 0.002727 seconds.
Begin MonoManager ReloadAssembly
Symbol file data-00000164F7A04010 doesn't match image D:\Unity\GitHub\UniRun\UniRun\Library\ScriptAssemblies\Unity.2D.Animation.Editor.dll
Symbol file LoadedFromMemory is not a mono symbol file
Symbol file data-000001632435C420 doesn't match image D:\Unity\GitHub\UniRun\UniRun\Library\ScriptAssemblies\Unity.InternalAPIEngineBridge.001.dll
Symbol file LoadedFromMemory is not a mono symbol file
Symbol file data-00000164EFC199B0 doesn't match image D:\Unity\GitHub\UniRun\UniRun\Library\ScriptAssemblies\Unity.VSCode.Editor.dll
Symbol file LoadedFromMemory is not a mono symbol file
Symbol file data-000001651971A040 doesn't match image D:\Unity\GitHub\UniRun\UniRun\Library\ScriptAssemblies\Unity.2D.PixelPerfect.dll
Symbol file LoadedFromMemory is not a mono symbol file
Symbol file data-00000164F4D4E2D0 doesn't match image D:\Unity\GitHub\UniRun\UniRun\Library\ScriptAssemblies\Unity.2D.Tilemap.Editor.dll
Symbol file LoadedFromMemory is not a mono symbol file
Symbol file data-00000164F79AD030 doesn't match image D:\Unity\GitHub\UniRun\UniRun\Library\ScriptAssemblies\PsdPlugin.dll
Symbol file LoadedFromMemory is not a mono symbol file
Symbol file data-00000165194AB020 doesn't match image D:\Unity\GitHub\UniRun\UniRun\Library\ScriptAssemblies\Unity.TextMeshPro.Editor.dll
Symbol file LoadedFromMemory is not a mono symbol file
Symbol file data-000001651902A020 doesn't match image D:\Unity\GitHub\UniRun\UniRun\Library\ScriptAssemblies\Unity.VisualStudio.Editor.dll
Symbol file LoadedFromMemory is not a mono symbol file
Symbol file data-00000164F819F0B0 doesn't match image D:\Unity\GitHub\UniRun\UniRun\Library\ScriptAssemblies\UnityEngine.TestRunner.dll
Symbol file LoadedFromMemory is not a mono symbol file
Symbol file data-00000164F4D4E2D0 doesn't match image D:\Unity\GitHub\UniRun\UniRun\Library\ScriptAssemblies\Unity.Timeline.dll
Symbol file LoadedFromMemory is not a mono symbol file
Symbol file data-00000164F4602010 doesn't match image D:\Unity\GitHub\UniRun\UniRun\Library\ScriptAssemblies\Unity.TextMeshPro.dll
Symbol file LoadedFromMemory is not a mono symbol file
Symbol file data-0000016518DBD7B0 doesn't match image D:\Unity\GitHub\UniRun\UniRun\Library\ScriptAssemblies\UnityEditor.TestRunner.dll
Symbol file LoadedFromMemory is not a mono symbol file
Symbol file data-00000164EFC199B0 doesn't match image D:\Unity\GitHub\UniRun\UniRun\Library\ScriptAssemblies\Unity.2D.IK.Editor.dll
Symbol file LoadedFromMemory is not a mono symbol file
Symbol file data-00000164F4D4E2D0 doesn't match image D:\Unity\GitHub\UniRun\UniRun\Library\ScriptAssemblies\Unity.2D.Sprite.Editor.dll
Symbol file LoadedFromMemory is not a mono symbol file
Symbol file data-000001651902A020 doesn't match image D:\Unity\GitHub\UniRun\UniRun\Library\ScriptAssemblies\Unity.2D.Psdimporter.Editor.dll
Symbol file LoadedFromMemory is not a mono symbol file
Symbol file data-00000164F411F710 doesn't match image D:\Unity\GitHub\UniRun\UniRun\Library\ScriptAssemblies\Unity.2D.Path.Editor.dll
Symbol file LoadedFromMemory is not a mono symbol file
Symbol file data-00000164EF6F7430 doesn't match image D:\Unity\GitHub\UniRun\UniRun\Library\ScriptAssemblies\Unity.InternalAPIEditorBridge.001.dll
Symbol file LoadedFromMemory is not a mono symbol file
Symbol file data-000001651902A020 doesn't match image D:\Unity\GitHub\UniRun\UniRun\Library\ScriptAssemblies\UnityEditor.UI.dll
Symbol file LoadedFromMemory is not a mono symbol file
Symbol file data-00000164F4250020 doesn't match image D:\Unity\GitHub\UniRun\UniRun\Library\ScriptAssemblies\Unity.PlasticSCM.Editor.dll
Symbol file LoadedFromMemory is not a mono symbol file
Symbol file data-00000164F3C969C0 doesn't match image D:\Unity\GitHub\UniRun\UniRun\Library\ScriptAssemblies\Unity.Rider.Editor.dll
Symbol file LoadedFromMemory is not a mono symbol file
Symbol file data-00000164F52F5030 doesn't match image D:\Unity\GitHub\UniRun\UniRun\Library\ScriptAssemblies\UnityEngine.UI.dll
Symbol file LoadedFromMemory is not a mono symbol file
Symbol file data-00000164F687C010 doesn't match image D:\Unity\GitHub\UniRun\UniRun\Library\ScriptAssemblies\Unity.Mathematics.dll
Symbol file LoadedFromMemory is not a mono symbol file
Symbol file data-00000164F39A3E50 doesn't match image D:\Unity\GitHub\UniRun\UniRun\Library\ScriptAssemblies\Unity.2D.IK.Runtime.dll
Symbol file LoadedFromMemory is not a mono symbol file
Symbol file data-00000164F3C969C0 doesn't match image D:\Unity\GitHub\UniRun\UniRun\Library\ScriptAssemblies\Unity.Services.Core.Editor.dll
Symbol file LoadedFromMemory is not a mono symbol file
Symbol file data-00000164F52F5030 doesn't match image D:\Unity\GitHub\UniRun\UniRun\Library\ScriptAssemblies\Unity.2D.Animation.Triangle.Runtime.dll
Symbol file LoadedFromMemory is not a mono symbol file
Symbol file data-0000016518DEEFD0 doesn't match image D:\Unity\GitHub\UniRun\UniRun\Library\ScriptAssemblies\Unity.2D.Animation.Runtime.dll
Symbol file LoadedFromMemory is not a mono symbol file
Symbol file data-00000164F774E6C0 doesn't match image D:\Unity\GitHub\UniRun\UniRun\Library\ScriptAssemblies\Unity.2D.PixelPerfect.Editor.dll
Symbol file LoadedFromMemory is not a mono symbol file
Symbol file data-00000164F83AE430 doesn't match image D:\Unity\GitHub\UniRun\UniRun\Library\ScriptAssemblies\Unity.Timeline.Editor.dll
Symbol file LoadedFromMemory is not a mono symbol file
Symbol file data-00000164F819F0B0 doesn't match image D:\Unity\GitHub\UniRun\UniRun\Library\ScriptAssemblies\Unity.CollabProxy.Editor.dll
Symbol file LoadedFromMemory is not a mono symbol file
Symbol file data-00000164F8741AA0 doesn't match image D:\Unity\GitHub\UniRun\UniRun\Library\ScriptAssemblies\Unity.Mathematics.Editor.dll
Symbol file LoadedFromMemory is not a mono symbol file
Symbol file data-00000164F7D37810 doesn't match image D:\Unity\GitHub\UniRun\UniRun\Library\ScriptAssemblies\Unity.2D.Common.Runtime.dll
Symbol file LoadedFromMemory is not a mono symbol file
Symbol file data-000001651902A020 doesn't match image D:\Unity\GitHub\UniRun\UniRun\Library\ScriptAssemblies\Unity.2D.SpriteShape.Editor.dll
Symbol file LoadedFromMemory is not a mono symbol file
Symbol file data-00000164EFC199B0 doesn't match image D:\Unity\GitHub\UniRun\UniRun\Library\ScriptAssemblies\Unity.2D.Common.Editor.dll
Symbol file LoadedFromMemory is not a mono symbol file
Symbol file data-00000165194AB020 doesn't match image D:\Unity\GitHub\UniRun\UniRun\Library\ScriptAssemblies\Unity.2D.SpriteShape.Runtime.dll
Symbol file LoadedFromMemory is not a mono symbol file
Native extension for WindowsStandalone target not found
Refreshing native plugins compatible for Editor in 0.42 ms, found 3 plugins.
Preloading 0 native plugins for Editor in 0.00 ms.
Mono: successfully reloaded assembly
- Completed reload, in  0.829 seconds
Domain Reload Profiling:
	ReloadAssembly (829ms)
		BeginReloadAssembly (93ms)
			ExecutionOrderSort (0ms)
			DisableScriptedObjects (5ms)
			BackupInstance (0ms)
			ReleaseScriptingObjects (0ms)
			CreateAndSetChildDomain (26ms)
		EndReloadAssembly (688ms)
			LoadAssemblies (79ms)
			RebuildTransferFunctionScriptingTraits (0ms)
			SetupTypeCache (231ms)
			ReleaseScriptCaches (1ms)
			RebuildScriptCaches (34ms)
			SetupLoadedEditorAssemblies (237ms)
				LogAssemblyErrors (0ms)
				InitializePlatformSupportModulesInManaged (3ms)
				SetLoadedEditorAssemblies (0ms)
				RefreshPlugins (0ms)
				BeforeProcessingInitializeOnLoad (66ms)
				ProcessInitializeOnLoadAttributes (153ms)
				ProcessInitializeOnLoadMethodAttributes (9ms)
				AfterProcessingInitializeOnLoad (5ms)
				EditorAssembliesLoaded (0ms)
			ExecutionOrderSort2 (0ms)
			AwakeInstancesAfterBackupRestoration (7ms)
Platform modules already initialized, skipping
Switching build target platform(19) subTarget(0) extendedPlatform(0) -> platform(13) subTarget(537395200) extendedPlatform(0)
Refreshing native plugins compatible for Editor in 0.42 ms, found 3 plugins.
Preloading 0 native plugins for Editor in 0.00 ms.
Unloading 2201 Unused Serialized files (Serialized files now loaded: 0)
System memory in use before: 102.1 MB.
System memory in use after: 102.1 MB.

Unloading 23 unused Assets to reduce memory usage. Loaded Objects now: 2664.
Total: 2.544900 ms (FindLiveObjects: 0.152900 ms CreateObjectMapping: 0.073600 ms MarkObjects: 2.216200 ms  DeleteObjects: 0.101400 ms)

AssetImportParameters requested are different than current active one (requested -> active):
  custom:framework-win-MediaFoundation: 216162199b28c13a410421893ffa2e32 -> 
  custom:video-decoder-ogg-theora: a1e56fd34408186e4bbccfd4996cb3dc -> 
  custom:container-muxer-webm: aa71ff27fc2769a1b78a27578f13a17b -> 
  custom:container-demuxer-webm: 4f35f7cbe854078d1ac9338744f61a02 -> 
  custom:container-demuxer-ogg: 62fdf1f143b41e24485cea50d1cbac27 -> 
  custom:video-encoder-webm-vp8: eb34c28f22e8b96e1ab97ce403110664 -> 
  custom:video-decoder-webm-vp8: 9c59270c3fd7afecdb556c50c9e8de78 -> 
  custom:graphics/normal-map-encoding: 01000000000000000000000000000000 -> 02000000000000000000000000000000
  custom:audio-decoder-ogg-vorbis: bf7c407c2cedff20999df2af8eb42d56 -> 
  custom:audio-encoder-webm-vorbis: bf7c407c2cedff20999df2af8eb42d56 -> 
========================================================================
Received Prepare
Registering precompiled user dll's ...
Registered in 0.002750 seconds.
Begin MonoManager ReloadAssembly
Symbol file data-00000164F6B7E010 doesn't match image D:\Unity\GitHub\UniRun\UniRun\Library\ScriptAssemblies\Unity.2D.Animation.Editor.dll
Symbol file LoadedFromMemory is not a mono symbol file
Symbol file data-000001632435C420 doesn't match image D:\Unity\GitHub\UniRun\UniRun\Library\ScriptAssemblies\Unity.InternalAPIEngineBridge.001.dll
Symbol file LoadedFromMemory is not a mono symbol file
Symbol file data-00000164EFC199B0 doesn't match image D:\Unity\GitHub\UniRun\UniRun\Library\ScriptAssemblies\Unity.VSCode.Editor.dll
Symbol file LoadedFromMemory is not a mono symbol file
Symbol file data-00000164EFA0FE40 doesn't match image D:\Unity\GitHub\UniRun\UniRun\Library\ScriptAssemblies\Unity.2D.PixelPerfect.dll
Symbol file LoadedFromMemory is not a mono symbol file
Symbol file data-00000164F4D4E2D0 doesn't match image D:\Unity\GitHub\UniRun\UniRun\Library\ScriptAssemblies\Unity.2D.Tilemap.Editor.dll
Symbol file LoadedFromMemory is not a mono symbol file
Symbol file data-00000164F4224FF0 doesn't match image D:\Unity\GitHub\UniRun\UniRun\Library\ScriptAssemblies\PsdPlugin.dll
Symbol file LoadedFromMemory is not a mono symbol file
Symbol file data-00000165194AB020 doesn't match image D:\Unity\GitHub\UniRun\UniRun\Library\ScriptAssemblies\Unity.TextMeshPro.Editor.dll
Symbol file LoadedFromMemory is not a mono symbol file
Symbol file data-000001651902A020 doesn't match image D:\Unity\GitHub\UniRun\UniRun\Library\ScriptAssemblies\Unity.VisualStudio.Editor.dll
Symbol file LoadedFromMemory is not a mono symbol file
Symbol file data-00000164F819F0B0 doesn't match image D:\Unity\GitHub\UniRun\UniRun\Library\ScriptAssemblies\UnityEngine.TestRunner.dll
Symbol file LoadedFromMemory is not a mono symbol file
Symbol file data-00000164F4D4E2D0 doesn't match image D:\Unity\GitHub\UniRun\UniRun\Library\ScriptAssemblies\Unity.Timeline.dll
Symbol file LoadedFromMemory is not a mono symbol file
Symbol file data-00000164F4602010 doesn't match image D:\Unity\GitHub\UniRun\UniRun\Library\ScriptAssemblies\Unity.TextMeshPro.dll
Symbol file LoadedFromMemory is not a mono symbol file
Symbol file data-0000016518DBD7B0 doesn't match image D:\Unity\GitHub\UniRun\UniRun\Library\ScriptAssemblies\UnityEditor.TestRunner.dll
Symbol file LoadedFromMemory is not a mono symbol file
Symbol file data-00000164EFC199B0 doesn't match image D:\Unity\GitHub\UniRun\UniRun\Library\ScriptAssemblies\Unity.2D.IK.Editor.dll
Symbol file LoadedFromMemory is not a mono symbol file
Symbol file data-00000164F4D4E2D0 doesn't match image D:\Unity\GitHub\UniRun\UniRun\Library\ScriptAssemblies\Unity.2D.Sprite.Editor.dll
Symbol file LoadedFromMemory is not a mono symbol file
Symbol file data-000001651902A020 doesn't match image D:\Unity\GitHub\UniRun\UniRun\Library\ScriptAssemblies\Unity.2D.Psdimporter.Editor.dll
Symbol file LoadedFromMemory is not a mono symbol file
Symbol file data-00000164F7558030 doesn't match image D:\Unity\GitHub\UniRun\UniRun\Library\ScriptAssemblies\Unity.2D.Path.Editor.dll
Symbol file LoadedFromMemory is not a mono symbol file
Symbol file data-00000164F4EDD030 doesn't match image D:\Unity\GitHub\UniRun\UniRun\Library\ScriptAssemblies\Unity.InternalAPIEditorBridge.001.dll
Symbol file LoadedFromMemory is not a mono symbol file
Symbol file data-000001651902A020 doesn't match image D:\Unity\GitHub\UniRun\UniRun\Library\ScriptAssemblies\UnityEditor.UI.dll
Symbol file LoadedFromMemory is not a mono symbol file
Symbol file data-00000164F4250020 doesn't match image D:\Unity\GitHub\UniRun\UniRun\Library\ScriptAssemblies\Unity.PlasticSCM.Editor.dll
Symbol file LoadedFromMemory is not a mono symbol file
Symbol file data-00000164F3C969C0 doesn't match image D:\Unity\GitHub\UniRun\UniRun\Library\ScriptAssemblies\Unity.Rider.Editor.dll
Symbol file LoadedFromMemory is not a mono symbol file
Symbol file data-00000164F52F5030 doesn't match image D:\Unity\GitHub\UniRun\UniRun\Library\ScriptAssemblies\UnityEngine.UI.dll
Symbol file LoadedFromMemory is not a mono symbol file
Symbol file data-00000164F687C010 doesn't match image D:\Unity\GitHub\UniRun\UniRun\Library\ScriptAssemblies\Unity.Mathematics.dll
Symbol file LoadedFromMemory is not a mono symbol file
Symbol file data-00000164EFC199B0 doesn't match image D:\Unity\GitHub\UniRun\UniRun\Library\ScriptAssemblies\Unity.2D.IK.Runtime.dll
Symbol file LoadedFromMemory is not a mono symbol file
Symbol file data-00000164F3C969C0 doesn't match image D:\Unity\GitHub\UniRun\UniRun\Library\ScriptAssemblies\Unity.Services.Core.Editor.dll
Symbol file LoadedFromMemory is not a mono symbol file
Symbol file data-00000164EFB7A040 doesn't match image D:\Unity\GitHub\UniRun\UniRun\Library\ScriptAssemblies\Unity.2D.Animation.Triangle.Runtime.dll
Symbol file LoadedFromMemory is not a mono symbol file
Symbol file data-00000164F72A3010 doesn't match image D:\Unity\GitHub\UniRun\UniRun\Library\ScriptAssemblies\Unity.2D.Animation.Runtime.dll
Symbol file LoadedFromMemory is not a mono symbol file
Symbol file data-00000164F775A510 doesn't match image D:\Unity\GitHub\UniRun\UniRun\Library\ScriptAssemblies\Unity.2D.PixelPerfect.Editor.dll
Symbol file LoadedFromMemory is not a mono symbol file
Symbol file data-00000165197C0010 doesn't match image D:\Unity\GitHub\UniRun\UniRun\Library\ScriptAssemblies\Unity.Timeline.Editor.dll
Symbol file LoadedFromMemory is not a mono symbol file
Symbol file data-00000164F819F0B0 doesn't match image D:\Unity\GitHub\UniRun\UniRun\Library\ScriptAssemblies\Unity.CollabProxy.Editor.dll
Symbol file LoadedFromMemory is not a mono symbol file
Symbol file data-00000164F87460F0 doesn't match image D:\Unity\GitHub\UniRun\UniRun\Library\ScriptAssemblies\Unity.Mathematics.Editor.dll
Symbol file LoadedFromMemory is not a mono symbol file
Symbol file data-00000164F7D37300 doesn't match image D:\Unity\GitHub\UniRun\UniRun\Library\ScriptAssemblies\Unity.2D.Common.Runtime.dll
Symbol file LoadedFromMemory is not a mono symbol file
Symbol file data-000001651902A020 doesn't match image D:\Unity\GitHub\UniRun\UniRun\Library\ScriptAssemblies\Unity.2D.SpriteShape.Editor.dll
Symbol file LoadedFromMemory is not a mono symbol file
Symbol file data-00000164EFC199B0 doesn't match image D:\Unity\GitHub\UniRun\UniRun\Library\ScriptAssemblies\Unity.2D.Common.Editor.dll
Symbol file LoadedFromMemory is not a mono symbol file
Symbol file data-00000165194AB020 doesn't match image D:\Unity\GitHub\UniRun\UniRun\Library\ScriptAssemblies\Unity.2D.SpriteShape.Runtime.dll
Symbol file LoadedFromMemory is not a mono symbol file
Native extension for WindowsStandalone target not found
Refreshing native plugins compatible for Editor in 0.43 ms, found 3 plugins.
Preloading 0 native plugins for Editor in 0.00 ms.
Mono: successfully reloaded assembly
- Completed reload, in  0.836 seconds
Domain Reload Profiling:
	ReloadAssembly (837ms)
		BeginReloadAssembly (94ms)
			ExecutionOrderSort (0ms)
			DisableScriptedObjects (5ms)
			BackupInstance (0ms)
			ReleaseScriptingObjects (0ms)
			CreateAndSetChildDomain (25ms)
		EndReloadAssembly (694ms)
			LoadAssemblies (80ms)
			RebuildTransferFunctionScriptingTraits (0ms)
			SetupTypeCache (233ms)
			ReleaseScriptCaches (1ms)
			RebuildScriptCaches (34ms)
			SetupLoadedEditorAssemblies (236ms)
				LogAssemblyErrors (0ms)
				InitializePlatformSupportModulesInManaged (3ms)
				SetLoadedEditorAssemblies (0ms)
				RefreshPlugins (0ms)
				BeforeProcessingInitializeOnLoad (65ms)
				ProcessInitializeOnLoadAttributes (153ms)
				ProcessInitializeOnLoadMethodAttributes (9ms)
				AfterProcessingInitializeOnLoad (6ms)
				EditorAssembliesLoaded (0ms)
			ExecutionOrderSort2 (0ms)
			AwakeInstancesAfterBackupRestoration (7ms)
Platform modules already initialized, skipping
Switching build target platform(19) subTarget(0) extendedPlatform(0) -> platform(13) subTarget(537395200) extendedPlatform(0)
Refreshing native plugins compatible for Editor in 0.42 ms, found 3 plugins.
Preloading 0 native plugins for Editor in 0.00 ms.
Unloading 2201 Unused Serialized files (Serialized files now loaded: 0)
System memory in use before: 102.1 MB.
System memory in use after: 102.1 MB.

Unloading 23 unused Assets to reduce memory usage. Loaded Objects now: 2666.
Total: 2.524400 ms (FindLiveObjects: 0.142000 ms CreateObjectMapping: 0.067700 ms MarkObjects: 2.219300 ms  DeleteObjects: 0.094700 ms)

AssetImportParameters requested are different than current active one (requested -> active):
  custom:framework-win-MediaFoundation: 216162199b28c13a410421893ffa2e32 -> 
  custom:video-decoder-ogg-theora: a1e56fd34408186e4bbccfd4996cb3dc -> 
  custom:container-muxer-webm: aa71ff27fc2769a1b78a27578f13a17b -> 
  custom:container-demuxer-webm: 4f35f7cbe854078d1ac9338744f61a02 -> 
  custom:container-demuxer-ogg: 62fdf1f143b41e24485cea50d1cbac27 -> 
  custom:video-encoder-webm-vp8: eb34c28f22e8b96e1ab97ce403110664 -> 
  custom:video-decoder-webm-vp8: 9c59270c3fd7afecdb556c50c9e8de78 -> 
  custom:graphics/normal-map-encoding: 01000000000000000000000000000000 -> 02000000000000000000000000000000
  custom:audio-decoder-ogg-vorbis: bf7c407c2cedff20999df2af8eb42d56 -> 
  custom:audio-encoder-webm-vorbis: bf7c407c2cedff20999df2af8eb42d56 -> 
========================================================================
Received Prepare
Refreshing native plugins compatible for Editor in 2.85 ms, found 3 plugins.
Preloading 0 native plugins for Editor in 0.00 ms.
Unloading 21 Unused Serialized files (Serialized files now loaded: 0)
System memory in use before: 59.1 MB.
System memory in use after: 59.1 MB.

Unloading 21 unused Assets to reduce memory usage. Loaded Objects now: 2666.
Total: 3.093700 ms (FindLiveObjects: 0.325000 ms CreateObjectMapping: 0.177900 ms MarkObjects: 2.442200 ms  DeleteObjects: 0.147300 ms)

AssetImportParameters requested are different than current active one (requested -> active):
  custom:framework-win-MediaFoundation: 216162199b28c13a410421893ffa2e32 -> 
  custom:video-decoder-ogg-theora: a1e56fd34408186e4bbccfd4996cb3dc -> 
  custom:container-muxer-webm: aa71ff27fc2769a1b78a27578f13a17b -> 
  custom:container-demuxer-webm: 4f35f7cbe854078d1ac9338744f61a02 -> 
  custom:container-demuxer-ogg: 62fdf1f143b41e24485cea50d1cbac27 -> 
  custom:video-encoder-webm-vp8: eb34c28f22e8b96e1ab97ce403110664 -> 
  custom:video-decoder-webm-vp8: 9c59270c3fd7afecdb556c50c9e8de78 -> 
  custom:audio-decoder-ogg-vorbis: bf7c407c2cedff20999df2af8eb42d56 -> 
  custom:audio-encoder-webm-vorbis: bf7c407c2cedff20999df2af8eb42d56 -> 
========================================================================
Received Prepare
Registering precompiled user dll's ...
Registered in 0.002850 seconds.
Begin MonoManager ReloadAssembly
Symbol file data-00000164F3B71010 doesn't match image D:\Unity\GitHub\UniRun\UniRun\Library\ScriptAssemblies\Unity.2D.Animation.Editor.dll
Symbol file LoadedFromMemory is not a mono symbol file
Symbol file data-000001632435CB60 doesn't match image D:\Unity\GitHub\UniRun\UniRun\Library\ScriptAssemblies\Unity.InternalAPIEngineBridge.001.dll
Symbol file LoadedFromMemory is not a mono symbol file
Symbol file data-00000164EFC199B0 doesn't match image D:\Unity\GitHub\UniRun\UniRun\Library\ScriptAssemblies\Unity.VSCode.Editor.dll
Symbol file LoadedFromMemory is not a mono symbol file
Symbol file data-00000164F68CB030 doesn't match image D:\Unity\GitHub\UniRun\UniRun\Library\ScriptAssemblies\Unity.2D.PixelPerfect.dll
Symbol file LoadedFromMemory is not a mono symbol file
Symbol file data-00000164F4D4E2D0 doesn't match image D:\Unity\GitHub\UniRun\UniRun\Library\ScriptAssemblies\Unity.2D.Tilemap.Editor.dll
Symbol file LoadedFromMemory is not a mono symbol file
Symbol file data-00000164EF879010 doesn't match image D:\Unity\GitHub\UniRun\UniRun\Library\ScriptAssemblies\PsdPlugin.dll
Symbol file LoadedFromMemory is not a mono symbol file
Symbol file data-00000164F6932020 doesn't match image D:\Unity\GitHub\UniRun\UniRun\Library\ScriptAssemblies\Unity.TextMeshPro.Editor.dll
Symbol file LoadedFromMemory is not a mono symbol file
Symbol file data-000001651902A020 doesn't match image D:\Unity\GitHub\UniRun\UniRun\Library\ScriptAssemblies\Unity.VisualStudio.Editor.dll
Symbol file LoadedFromMemory is not a mono symbol file
Symbol file data-00000164EF5C7050 doesn't match image D:\Unity\GitHub\UniRun\UniRun\Library\ScriptAssemblies\UnityEngine.TestRunner.dll
Symbol file LoadedFromMemory is not a mono symbol file
Symbol file data-00000164F4D4E2D0 doesn't match image D:\Unity\GitHub\UniRun\UniRun\Library\ScriptAssemblies\Unity.Timeline.dll
Symbol file LoadedFromMemory is not a mono symbol file
Symbol file data-00000164F4F99010 doesn't match image D:\Unity\GitHub\UniRun\UniRun\Library\ScriptAssemblies\Unity.TextMeshPro.dll
Symbol file LoadedFromMemory is not a mono symbol file
Symbol file data-0000016518DBD7B0 doesn't match image D:\Unity\GitHub\UniRun\UniRun\Library\ScriptAssemblies\UnityEditor.TestRunner.dll
Symbol file LoadedFromMemory is not a mono symbol file
Symbol file data-00000164EFC199B0 doesn't match image D:\Unity\GitHub\UniRun\UniRun\Library\ScriptAssemblies\Unity.2D.IK.Editor.dll
Symbol file LoadedFromMemory is not a mono symbol file
Symbol file data-00000164F4D4E2D0 doesn't match image D:\Unity\GitHub\UniRun\UniRun\Library\ScriptAssemblies\Unity.2D.Sprite.Editor.dll
Symbol file LoadedFromMemory is not a mono symbol file
Symbol file data-000001651902A020 doesn't match image D:\Unity\GitHub\UniRun\UniRun\Library\ScriptAssemblies\Unity.2D.Psdimporter.Editor.dll
Symbol file LoadedFromMemory is not a mono symbol file
Symbol file data-00000164F3D3B050 doesn't match image D:\Unity\GitHub\UniRun\UniRun\Library\ScriptAssemblies\Unity.2D.Path.Editor.dll
Symbol file LoadedFromMemory is not a mono symbol file
Symbol file data-00000164F68CB030 doesn't match image D:\Unity\GitHub\UniRun\UniRun\Library\ScriptAssemblies\Unity.InternalAPIEditorBridge.001.dll
Symbol file LoadedFromMemory is not a mono symbol file
Symbol file data-000001651902A020 doesn't match image D:\Unity\GitHub\UniRun\UniRun\Library\ScriptAssemblies\UnityEditor.UI.dll
Symbol file LoadedFromMemory is not a mono symbol file
Symbol file data-00000164F4250020 doesn't match image D:\Unity\GitHub\UniRun\UniRun\Library\ScriptAssemblies\Unity.PlasticSCM.Editor.dll
Symbol file LoadedFromMemory is not a mono symbol file
Symbol file data-00000164F3C969C0 doesn't match image D:\Unity\GitHub\UniRun\UniRun\Library\ScriptAssemblies\Unity.Rider.Editor.dll
Symbol file LoadedFromMemory is not a mono symbol file
Symbol file data-00000164F7CCA030 doesn't match image D:\Unity\GitHub\UniRun\UniRun\Library\ScriptAssemblies\UnityEngine.UI.dll
Symbol file LoadedFromMemory is not a mono symbol file
Symbol file data-00000164F687C010 doesn't match image D:\Unity\GitHub\UniRun\UniRun\Library\ScriptAssemblies\Unity.Mathematics.dll
Symbol file LoadedFromMemory is not a mono symbol file
Symbol file data-00000164EFC199B0 doesn't match image D:\Unity\GitHub\UniRun\UniRun\Library\ScriptAssemblies\Unity.2D.IK.Runtime.dll
Symbol file LoadedFromMemory is not a mono symbol file
Symbol file data-00000164F3C969C0 doesn't match image D:\Unity\GitHub\UniRun\UniRun\Library\ScriptAssemblies\Unity.Services.Core.Editor.dll
Symbol file LoadedFromMemory is not a mono symbol file
Symbol file data-00000164F35F0010 doesn't match image D:\Unity\GitHub\UniRun\UniRun\Library\ScriptAssemblies\Unity.2D.Animation.Triangle.Runtime.dll
Symbol file LoadedFromMemory is not a mono symbol file
Symbol file data-00000164F7450020 doesn't match image D:\Unity\GitHub\UniRun\UniRun\Library\ScriptAssemblies\Unity.2D.Animation.Runtime.dll
Symbol file LoadedFromMemory is not a mono symbol file
Symbol file data-00000164F7755C90 doesn't match image D:\Unity\GitHub\UniRun\UniRun\Library\ScriptAssemblies\Unity.2D.PixelPerfect.Editor.dll
Symbol file LoadedFromMemory is not a mono symbol file
Symbol file data-00000164F687C010 doesn't match image D:\Unity\GitHub\UniRun\UniRun\Library\ScriptAssemblies\Unity.Timeline.Editor.dll
Symbol file LoadedFromMemory is not a mono symbol file
Symbol file data-00000164EF5C7050 doesn't match image D:\Unity\GitHub\UniRun\UniRun\Library\ScriptAssemblies\Unity.CollabProxy.Editor.dll
Symbol file LoadedFromMemory is not a mono symbol file
Symbol file data-00000164F87436C0 doesn't match image D:\Unity\GitHub\UniRun\UniRun\Library\ScriptAssemblies\Unity.Mathematics.Editor.dll
Symbol file LoadedFromMemory is not a mono symbol file
Symbol file data-00000164F7D37660 doesn't match image D:\Unity\GitHub\UniRun\UniRun\Library\ScriptAssemblies\Unity.2D.Common.Runtime.dll
Symbol file LoadedFromMemory is not a mono symbol file
Symbol file data-000001651902A020 doesn't match image D:\Unity\GitHub\UniRun\UniRun\Library\ScriptAssemblies\Unity.2D.SpriteShape.Editor.dll
Symbol file LoadedFromMemory is not a mono symbol file
Symbol file data-00000164EFC199B0 doesn't match image D:\Unity\GitHub\UniRun\UniRun\Library\ScriptAssemblies\Unity.2D.Common.Editor.dll
Symbol file LoadedFromMemory is not a mono symbol file
Symbol file data-00000164F6932020 doesn't match image D:\Unity\GitHub\UniRun\UniRun\Library\ScriptAssemblies\Unity.2D.SpriteShape.Runtime.dll
Symbol file LoadedFromMemory is not a mono symbol file
Native extension for WindowsStandalone target not found
Refreshing native plugins compatible for Editor in 0.43 ms, found 3 plugins.
Preloading 0 native plugins for Editor in 0.00 ms.
Mono: successfully reloaded assembly
- Completed reload, in  0.854 seconds
Domain Reload Profiling:
	ReloadAssembly (855ms)
		BeginReloadAssembly (97ms)
			ExecutionOrderSort (0ms)
			DisableScriptedObjects (5ms)
			BackupInstance (0ms)
			ReleaseScriptingObjects (0ms)
			CreateAndSetChildDomain (27ms)
		EndReloadAssembly (707ms)
			LoadAssemblies (84ms)
			RebuildTransferFunctionScriptingTraits (0ms)
			SetupTypeCache (237ms)
			ReleaseScriptCaches (1ms)
			RebuildScriptCaches (35ms)
			SetupLoadedEditorAssemblies (233ms)
				LogAssemblyErrors (0ms)
				InitializePlatformSupportModulesInManaged (3ms)
				SetLoadedEditorAssemblies (0ms)
				RefreshPlugins (0ms)
				BeforeProcessingInitializeOnLoad (64ms)
				ProcessInitializeOnLoadAttributes (151ms)
				ProcessInitializeOnLoadMethodAttributes (9ms)
				AfterProcessingInitializeOnLoad (6ms)
				EditorAssembliesLoaded (0ms)
			ExecutionOrderSort2 (0ms)
			AwakeInstancesAfterBackupRestoration (7ms)
Platform modules already initialized, skipping
Switching build target platform(19) subTarget(0) extendedPlatform(0) -> platform(13) subTarget(537395200) extendedPlatform(0)
Refreshing native plugins compatible for Editor in 0.45 ms, found 3 plugins.
Preloading 0 native plugins for Editor in 0.00 ms.
Unloading 2201 Unused Serialized files (Serialized files now loaded: 0)
System memory in use before: 102.1 MB.
System memory in use after: 102.1 MB.

Unloading 23 unused Assets to reduce memory usage. Loaded Objects now: 2668.
Total: 2.544900 ms (FindLiveObjects: 0.138400 ms CreateObjectMapping: 0.066700 ms MarkObjects: 2.245000 ms  DeleteObjects: 0.094200 ms)

AssetImportParameters requested are different than current active one (requested -> active):
  custom:framework-win-MediaFoundation: 216162199b28c13a410421893ffa2e32 -> 
  custom:video-decoder-ogg-theora: a1e56fd34408186e4bbccfd4996cb3dc -> 
  custom:container-muxer-webm: aa71ff27fc2769a1b78a27578f13a17b -> 
  custom:container-demuxer-webm: 4f35f7cbe854078d1ac9338744f61a02 -> 
  custom:container-demuxer-ogg: 62fdf1f143b41e24485cea50d1cbac27 -> 
  custom:video-encoder-webm-vp8: eb34c28f22e8b96e1ab97ce403110664 -> 
  custom:video-decoder-webm-vp8: 9c59270c3fd7afecdb556c50c9e8de78 -> 
  custom:graphics/normal-map-encoding: 01000000000000000000000000000000 -> 02000000000000000000000000000000
  custom:audio-decoder-ogg-vorbis: bf7c407c2cedff20999df2af8eb42d56 -> 
  custom:audio-encoder-webm-vorbis: bf7c407c2cedff20999df2af8eb42d56 -> 
AssetImportWorkerClient::OnTransportError - code=2 error=End of file
